[2026-07-06 11:16:14] → User token tìm thấy trong .env.local (length: 312)
[2026-07-06 11:16:14] → Gọi POST /api/fb/exchange-token (longLived=1)...
[2026-07-06 11:16:15] ✓ Exchange thành công:
  Page: Chim Cút (id=198980770851754)
  Page token: EAAOho…zgZD (length: 220)
  Long-lived expires: 2026-09-03T20:47:16 (còn 59 ngày)
  envUpdated: True
[2026-07-06 11:16:15] → Restart LaunchAgent server...
Sync:   mỗi 2 giờ tự động (lần đầu lúc 00:00/02:00/...)

Trạng thái chi tiết: ./scripts/agent-status.sh
[2026-07-06 11:16:27] → Verify server up...
[2026-07-06 11:16:27] ✓ Server up (HTTP 200)
[2026-07-06 11:16:27] ✅ Refresh xong.
[2026-07-06 12:07:33] → User token tìm thấy trong .env.local (length: 218)
[2026-07-06 12:07:33] → Gọi POST /api/fb/exchange-token (longLived=1)...
[2026-07-06 12:07:34] ✓ Exchange thành công:
  Page: Chim Cút (id=198980770851754)
  Page token: EAAOho…ykZD (length: 219)
  envUpdated: True
[2026-07-06 12:07:34] → Restart LaunchAgent server...
Sync:   mỗi 2 giờ tự động (lần đầu lúc 00:00/02:00/...)

Trạng thái chi tiết: ./scripts/agent-status.sh
[2026-07-06 12:07:46] → Verify server up...
[2026-07-06 12:07:46] ✓ Server up (HTTP 200)
[2026-07-06 12:07:46] ✅ Refresh xong.
[2026-07-06 12:57:46] → User token tìm thấy trong .env.local (length: 212)
[2026-07-06 12:57:46] → Gọi POST /api/fb/exchange-token (longLived=1)...
[2026-07-06 12:57:48] ✓ Exchange thành công:
  Page: Chim Cút (id=198980770851754)
  Page token: EAAOho…kgZD (length: 226)
  envUpdated: True
[2026-07-06 12:57:48] → Restart LaunchAgent server...
Sync:   mỗi 2 giờ tự động (lần đầu lúc 00:00/02:00/...)

Trạng thái chi tiết: ./scripts/agent-status.sh
[2026-07-06 12:57:59] → Verify server up...
[2026-07-06 12:58:00] ✓ Server up (HTTP 200)
[2026-07-06 12:58:00] ✅ Refresh xong.
[2026-07-06 13:48:00] → User token tìm thấy trong .env.local (length: 215)
[2026-07-06 13:48:00] → Gọi POST /api/fb/exchange-token (longLived=1)...
[2026-07-06 13:48:01] ✓ Exchange thành công:
  Page: Chim Cút (id=198980770851754)
  Page token: EAAOho…MUZD (length: 220)
  envUpdated: True
[2026-07-06 13:48:01] → Restart LaunchAgent server...
Sync:   mỗi 2 giờ tự động (lần đầu lúc 00:00/02:00/...)

Trạng thái chi tiết: ./scripts/agent-status.sh
[2026-07-06 13:48:13] → Verify server up...
[2026-07-06 13:48:13] ✓ Server up (HTTP 200)
[2026-07-06 13:48:13] ✅ Refresh xong.
[2026-07-06 14:38:13] → User token tìm thấy trong .env.local (length: 213)
[2026-07-06 14:38:13] → Gọi POST /api/fb/exchange-token (longLived=1)...
[2026-07-06 14:38:14] ✓ Exchange thành công:
  Page: Chim Cút (id=198980770851754)
  Page token: EAAOho…3IZD (length: 222)
  envUpdated: True
[2026-07-06 14:38:14] → Restart LaunchAgent server...
Sync:   mỗi 2 giờ tự động (lần đầu lúc 00:00/02:00/...)

Trạng thái chi tiết: ./scripts/agent-status.sh
[2026-07-06 14:38:25] → Verify server up...
[2026-07-06 14:38:26] ✓ Server up (HTTP 200)
[2026-07-06 14:38:26] ✅ Refresh xong.
[2026-07-06 15:28:26] → User token tìm thấy trong .env.local (length: 212)
[2026-07-06 15:28:26] → Gọi POST /api/fb/exchange-token (longLived=1)...
[2026-07-06 15:28:27] ✓ Exchange thành công:
  Page: Chim Cút (id=198980770851754)
  Page token: EAAOho…kkZD (length: 222)
  envUpdated: True
[2026-07-06 15:28:27] → Restart LaunchAgent server...
Sync:   mỗi 2 giờ tự động (lần đầu lúc 00:00/02:00/...)

Trạng thái chi tiết: ./scripts/agent-status.sh
[2026-07-06 15:28:39] → Verify server up...
[2026-07-06 15:28:39] ✓ Server up (HTTP 200)
[2026-07-06 15:28:39] ✅ Refresh xong.
[2026-07-06 16:18:39] → User token tìm thấy trong .env.local (length: 214)
[2026-07-06 16:18:39] → Gọi POST /api/fb/exchange-token (longLived=1)...
[2026-07-06 16:18:40] ✓ Exchange thành công:
  Page: Chim Cút (id=198980770851754)
  Page token: EAAOho…MEZD (length: 221)
  envUpdated: True
[2026-07-06 16:18:41] → Restart LaunchAgent server...
Sync:   mỗi 2 giờ tự động (lần đầu lúc 00:00/02:00/...)

Trạng thái chi tiết: ./scripts/agent-status.sh
[2026-07-06 16:18:52] → Verify server up...
[2026-07-06 16:18:52] ✓ Server up (HTTP 200)
[2026-07-06 16:18:52] ✅ Refresh xong.
[2026-07-06 17:08:48] → User token tìm thấy trong .env.local (length: 214)
[2026-07-06 17:08:48] → Gọi POST /api/fb/exchange-token (longLived=1)...
[2026-07-06 17:08:50] ✓ Exchange thành công:
  Page: Chim Cút (id=198980770851754)
  Page token: EAAOho…4UZD (length: 234)
  envUpdated: True
[2026-07-06 17:08:50] → Restart LaunchAgent server...
Sync:   mỗi 2 giờ tự động (lần đầu lúc 00:00/02:00/...)

Trạng thái chi tiết: ./scripts/agent-status.sh
[2026-07-06 17:09:01] → Verify server up...
[2026-07-06 17:09:01] ✓ Server up (HTTP 200)
[2026-07-06 17:09:01] ✅ Refresh xong.
[2026-07-06 17:59:01] → User token tìm thấy trong .env.local (length: 214)
[2026-07-06 17:59:02] → Gọi POST /api/fb/exchange-token (longLived=1)...
[2026-07-06 17:59:03] ✓ Exchange thành công:
  Page: Chim Cút (id=198980770851754)
  Page token: EAAOho…n8ZD (length: 223)
  envUpdated: True
[2026-07-06 17:59:03] → Restart LaunchAgent server...
Sync:   mỗi 2 giờ tự động (lần đầu lúc 00:00/02:00/...)

Trạng thái chi tiết: ./scripts/agent-status.sh
[2026-07-06 17:59:14] → Verify server up...
[2026-07-06 17:59:14] ✓ Server up (HTTP 200)
[2026-07-06 17:59:15] ✅ Refresh xong.
[2026-07-06 18:49:15] → User token tìm thấy trong .env.local (length: 210)
[2026-07-06 18:49:15] → Gọi POST /api/fb/exchange-token (longLived=1)...
[2026-07-06 18:49:16] ✓ Exchange thành công:
  Page: Chim Cút (id=198980770851754)
  Page token: EAAOho…zsZD (length: 225)
  envUpdated: True
[2026-07-06 18:49:16] → Restart LaunchAgent server...
Sync:   mỗi 2 giờ tự động (lần đầu lúc 00:00/02:00/...)

Trạng thái chi tiết: ./scripts/agent-status.sh
[2026-07-06 18:49:28] → Verify server up...
[2026-07-06 18:49:28] ✓ Server up (HTTP 200)
[2026-07-06 18:49:28] ✅ Refresh xong.
[2026-07-07 08:16:34] → User token tìm thấy trong .env.local (length: 217)
[2026-07-07 08:16:34] → Gọi POST /api/fb/exchange-token (longLived=1)...
[2026-07-07 08:16:35] ✓ Exchange thành công:
  Page: Chim Cút (id=198980770851754)
  Page token: EAAOho…zcZD (length: 218)
  envUpdated: True
[2026-07-07 08:16:36] → Restart LaunchAgent server...
Sync:   mỗi 2 giờ tự động (lần đầu lúc 00:00/02:00/...)

Trạng thái chi tiết: ./scripts/agent-status.sh
[2026-07-07 08:16:47] → Verify server up...
[2026-07-07 08:16:48] ✓ Server up (HTTP 200)
[2026-07-07 08:16:48] ✅ Refresh xong.
[2026-07-07 09:06:48] → User token tìm thấy trong .env.local (length: 218)
[2026-07-07 09:06:48] → Gọi POST /api/fb/exchange-token (longLived=1)...
[2026-07-07 09:06:50] ✓ Exchange thành công:
  Page: Chim Cút (id=198980770851754)
  Page token: EAAOho…B4ZD (length: 228)
  envUpdated: True
[2026-07-07 09:06:50] → Restart LaunchAgent server...
Sync:   mỗi 2 giờ tự động (lần đầu lúc 00:00/02:00/...)

Trạng thái chi tiết: ./scripts/agent-status.sh
[2026-07-07 09:07:01] → Verify server up...
[2026-07-07 09:07:02] ✓ Server up (HTTP 200)
[2026-07-07 09:07:02] ✅ Refresh xong.
[2026-07-07 09:57:02] → User token tìm thấy trong .env.local (length: 210)
[2026-07-07 09:57:02] → Gọi POST /api/fb/exchange-token (longLived=1)...
[2026-07-07 09:57:03] ✓ Exchange thành công:
  Page: Chim Cút (id=198980770851754)
  Page token: EAAOho…l4ZD (length: 226)
  envUpdated: True
[2026-07-07 09:57:03] → Restart LaunchAgent server...
Sync:   mỗi 2 giờ tự động (lần đầu lúc 00:00/02:00/...)

Trạng thái chi tiết: ./scripts/agent-status.sh
[2026-07-07 09:57:14] → Verify server up...
[2026-07-07 09:57:15] ✓ Server up (HTTP 200)
[2026-07-07 09:57:15] ✅ Refresh xong.
[2026-07-07 10:47:15] → User token tìm thấy trong .env.local (length: 217)
[2026-07-07 10:47:15] → Gọi POST /api/fb/exchange-token (longLived=1)...
[2026-07-07 10:47:16] ✓ Exchange thành công:
  Page: Chim Cút (id=198980770851754)
  Page token: EAAOho…RcZD (length: 226)
  envUpdated: True
[2026-07-07 10:47:16] → Restart LaunchAgent server...
Sync:   mỗi 2 giờ tự động (lần đầu lúc 00:00/02:00/...)

Trạng thái chi tiết: ./scripts/agent-status.sh
[2026-07-07 10:47:27] → Verify server up...
[2026-07-07 10:47:28] ✓ Server up (HTTP 200)
[2026-07-07 10:47:28] ✅ Refresh xong.
[2026-07-07 11:37:28] → User token tìm thấy trong .env.local (length: 219)
[2026-07-07 11:37:28] → Gọi POST /api/fb/exchange-token (longLived=1)...
[2026-07-07 11:37:29] ✓ Exchange thành công:
  Page: Chim Cút (id=198980770851754)
  Page token: EAAOho…p0ZD (length: 231)
  envUpdated: True
[2026-07-07 11:37:29] → Restart LaunchAgent server...
Sync:   mỗi 2 giờ tự động (lần đầu lúc 00:00/02:00/...)

Trạng thái chi tiết: ./scripts/agent-status.sh
[2026-07-07 11:37:41] → Verify server up...
[2026-07-07 11:37:41] ✓ Server up (HTTP 200)
[2026-07-07 11:37:41] ✅ Refresh xong.
[2026-07-07 12:27:41] → User token tìm thấy trong .env.local (length: 213)
[2026-07-07 12:27:41] → Gọi POST /api/fb/exchange-token (longLived=1)...
[2026-07-07 12:27:43] ✓ Exchange thành công:
  Page: Chim Cút (id=198980770851754)
  Page token: EAAOho…wsZD (length: 224)
  envUpdated: True
[2026-07-07 12:27:43] → Restart LaunchAgent server...
Sync:   mỗi 2 giờ tự động (lần đầu lúc 00:00/02:00/...)

Trạng thái chi tiết: ./scripts/agent-status.sh
[2026-07-07 12:27:54] → Verify server up...
[2026-07-07 12:27:54] ✓ Server up (HTTP 200)
[2026-07-07 12:27:54] ✅ Refresh xong.
[2026-07-07 13:17:54] → User token tìm thấy trong .env.local (length: 218)
[2026-07-07 13:17:54] → Gọi POST /api/fb/exchange-token (longLived=1)...
[2026-07-07 13:17:56] ✓ Exchange thành công:
  Page: Chim Cút (id=198980770851754)
  Page token: EAAOho…8UZD (length: 226)
  envUpdated: True
[2026-07-07 13:17:56] → Restart LaunchAgent server...
Sync:   mỗi 2 giờ tự động (lần đầu lúc 00:00/02:00/...)

Trạng thái chi tiết: ./scripts/agent-status.sh
[2026-07-07 13:18:07] → Verify server up...
[2026-07-07 13:18:07] ✓ Server up (HTTP 200)
[2026-07-07 13:18:07] ✅ Refresh xong.
[2026-07-07 14:08:07] → User token tìm thấy trong .env.local (length: 211)
[2026-07-07 14:08:07] → Gọi POST /api/fb/exchange-token (longLived=1)...
[2026-07-07 14:08:10] ✓ Exchange thành công:
  Page: Chim Cút (id=198980770851754)
  Page token: EAAOho…GYZD (length: 224)
  envUpdated: True
[2026-07-07 14:08:10] → Restart LaunchAgent server...
Sync:   mỗi 2 giờ tự động (lần đầu lúc 00:00/02:00/...)

Trạng thái chi tiết: ./scripts/agent-status.sh
[2026-07-07 14:08:21] → Verify server up...
[2026-07-07 14:08:21] ✓ Server up (HTTP 200)
[2026-07-07 14:08:21] ✅ Refresh xong.
[2026-07-07 14:58:22] → User token tìm thấy trong .env.local (length: 212)
[2026-07-07 14:58:22] → Gọi POST /api/fb/exchange-token (longLived=1)...
[2026-07-07 14:58:24] ✓ Exchange thành công:
  Page: Chim Cút (id=198980770851754)
  Page token: EAAOho…xsZD (length: 223)
  envUpdated: True
[2026-07-07 14:58:24] → Restart LaunchAgent server...
Sync:   mỗi 2 giờ tự động (lần đầu lúc 00:00/02:00/...)

Trạng thái chi tiết: ./scripts/agent-status.sh
[2026-07-07 14:58:35] → Verify server up...
[2026-07-07 14:58:36] ✓ Server up (HTTP 200)
[2026-07-07 14:58:36] ✅ Refresh xong.
[2026-07-07 15:48:36] → User token tìm thấy trong .env.local (length: 218)
[2026-07-07 15:48:36] → Gọi POST /api/fb/exchange-token (longLived=1)...
[2026-07-07 15:48:37] ✓ Exchange thành công:
  Page: Chim Cút (id=198980770851754)
  Page token: EAAOho…RUZD (length: 224)
  envUpdated: True
[2026-07-07 15:48:37] → Restart LaunchAgent server...
Sync:   mỗi 2 giờ tự động (lần đầu lúc 00:00/02:00/...)

Trạng thái chi tiết: ./scripts/agent-status.sh
[2026-07-07 15:48:48] → Verify server up...
[2026-07-07 15:48:49] ✓ Server up (HTTP 200)
[2026-07-07 15:48:49] ✅ Refresh xong.
[2026-07-07 16:38:49] → User token tìm thấy trong .env.local (length: 213)
[2026-07-07 16:38:49] → Gọi POST /api/fb/exchange-token (longLived=1)...
[2026-07-07 16:38:50] ✓ Exchange thành công:
  Page: Chim Cút (id=198980770851754)
  Page token: EAAOho…YgZD (length: 219)
  envUpdated: True
[2026-07-07 16:38:50] → Restart LaunchAgent server...
Sync:   mỗi 2 giờ tự động (lần đầu lúc 00:00/02:00/...)

Trạng thái chi tiết: ./scripts/agent-status.sh
[2026-07-07 16:39:01] → Verify server up...
[2026-07-07 16:39:01] ✓ Server up (HTTP 200)
[2026-07-07 16:39:01] ✅ Refresh xong.
[2026-07-07 17:29:01] → User token tìm thấy trong .env.local (length: 214)
[2026-07-07 17:29:01] → Gọi POST /api/fb/exchange-token (longLived=1)...
[2026-07-07 17:29:02] ✓ Exchange thành công:
  Page: Chim Cút (id=198980770851754)
  Page token: EAAOho…PoZD (length: 227)
  envUpdated: True
[2026-07-07 17:29:02] → Restart LaunchAgent server...
Sync:   mỗi 2 giờ tự động (lần đầu lúc 00:00/02:00/...)

Trạng thái chi tiết: ./scripts/agent-status.sh
[2026-07-07 17:29:19] → Verify server up...
[2026-07-07 17:29:19] ✓ Server up (HTTP 200)
[2026-07-07 17:29:19] ✅ Refresh xong.
[2026-07-07 18:19:19] → User token tìm thấy trong .env.local (length: 216)
[2026-07-07 18:19:19] → Gọi POST /api/fb/exchange-token (longLived=1)...
[2026-07-07 18:19:20] ✓ Exchange thành công:
  Page: Chim Cút (id=198980770851754)
  Page token: EAAOho…DQZD (length: 223)
  envUpdated: True
[2026-07-07 18:19:20] → Restart LaunchAgent server...
Sync:   mỗi 2 giờ tự động (lần đầu lúc 00:00/02:00/...)

Trạng thái chi tiết: ./scripts/agent-status.sh
[2026-07-07 18:19:31] → Verify server up...
[2026-07-07 18:19:31] ✓ Server up (HTTP 200)
[2026-07-07 18:19:31] ✅ Refresh xong.
[2026-07-08 08:20:41] → User token tìm thấy trong .env.local (length: 215)
[2026-07-08 08:20:42] → Gọi POST /api/fb/exchange-token (longLived=1)...
[2026-07-08 08:20:43] ✓ Exchange thành công:
  Page: Chim Cút (id=198980770851754)
  Page token: EAAOho…V0ZD (length: 215)
  envUpdated: True
[2026-07-08 08:20:43] → Restart LaunchAgent server...
Sync:   mỗi 2 giờ tự động (lần đầu lúc 00:00/02:00/...)

Trạng thái chi tiết: ./scripts/agent-status.sh
[2026-07-08 08:20:55] → Verify server up...
[2026-07-08 08:20:55] ✓ Server up (HTTP 200)
[2026-07-08 08:20:55] ✅ Refresh xong.
[2026-07-08 09:10:55] → User token tìm thấy trong .env.local (length: 211)
[2026-07-08 09:10:55] → Gọi POST /api/fb/exchange-token (longLived=1)...
[2026-07-08 09:10:57] ✓ Exchange thành công:
  Page: Chim Cút (id=198980770851754)
  Page token: EAAOho…oIZD (length: 223)
  envUpdated: True
[2026-07-08 09:10:57] → Restart LaunchAgent server...
Sync:   mỗi 2 giờ tự động (lần đầu lúc 00:00/02:00/...)

Trạng thái chi tiết: ./scripts/agent-status.sh
[2026-07-08 09:11:09] → Verify server up...
[2026-07-08 09:11:09] ✓ Server up (HTTP 200)
[2026-07-08 09:11:09] ✅ Refresh xong.
[2026-07-08 10:01:09] → User token tìm thấy trong .env.local (length: 207)
[2026-07-08 10:01:09] → Gọi POST /api/fb/exchange-token (longLived=1)...
[2026-07-08 10:01:10] ✓ Exchange thành công:
  Page: Chim Cút (id=198980770851754)
  Page token: EAAOho…sgZD (length: 223)
  envUpdated: True
[2026-07-08 10:01:11] → Restart LaunchAgent server...
Sync:   mỗi 2 giờ tự động (lần đầu lúc 00:00/02:00/...)

Trạng thái chi tiết: ./scripts/agent-status.sh
[2026-07-08 10:01:27] → Verify server up...
[2026-07-08 10:01:27] ✓ Server up (HTTP 200)
[2026-07-08 10:01:27] ✅ Refresh xong.
[2026-07-08 10:51:27] → User token tìm thấy trong .env.local (length: 219)
[2026-07-08 10:51:27] → Gọi POST /api/fb/exchange-token (longLived=1)...
[2026-07-08 10:51:29] ✓ Exchange thành công:
  Page: Chim Cút (id=198980770851754)
  Page token: EAAOho…NwZD (length: 221)
  envUpdated: True
[2026-07-08 10:51:29] → Restart LaunchAgent server...
Sync:   mỗi 2 giờ tự động (lần đầu lúc 00:00/02:00/...)

Trạng thái chi tiết: ./scripts/agent-status.sh
[2026-07-08 10:51:41] → Verify server up...
[2026-07-08 10:51:41] ✓ Server up (HTTP 200)
[2026-07-08 10:51:41] ✅ Refresh xong.
[2026-07-08 11:41:41] → User token tìm thấy trong .env.local (length: 214)
[2026-07-08 11:41:41] → Gọi POST /api/fb/exchange-token (longLived=1)...
[2026-07-08 11:41:43] ✓ Exchange thành công:
  Page: Chim Cút (id=198980770851754)
  Page token: EAAOho…DkZD (length: 226)
  envUpdated: True
[2026-07-08 11:41:43] → Restart LaunchAgent server...
Sync:   mỗi 2 giờ tự động (lần đầu lúc 00:00/02:00/...)

Trạng thái chi tiết: ./scripts/agent-status.sh
[2026-07-08 11:41:54] → Verify server up...
[2026-07-08 11:41:54] ✓ Server up (HTTP 200)
[2026-07-08 11:41:54] ✅ Refresh xong.
[2026-07-08 12:31:54] → User token tìm thấy trong .env.local (length: 216)
[2026-07-08 12:31:54] → Gọi POST /api/fb/exchange-token (longLived=1)...
[2026-07-08 12:31:55] ✓ Exchange thành công:
  Page: Chim Cút (id=198980770851754)
  Page token: EAAOho…PwZD (length: 222)
  envUpdated: True
[2026-07-08 12:31:55] → Restart LaunchAgent server...
Sync:   mỗi 2 giờ tự động (lần đầu lúc 00:00/02:00/...)

Trạng thái chi tiết: ./scripts/agent-status.sh
[2026-07-08 12:32:07] → Verify server up...
[2026-07-08 12:32:07] ✓ Server up (HTTP 200)
[2026-07-08 12:32:07] ✅ Refresh xong.
[2026-07-08 13:22:07] → User token tìm thấy trong .env.local (length: 214)
[2026-07-08 13:22:07] → Gọi POST /api/fb/exchange-token (longLived=1)...
[2026-07-08 13:22:08] ✓ Exchange thành công:
  Page: Chim Cút (id=198980770851754)
  Page token: EAAOho…wwZD (length: 228)
  envUpdated: True
[2026-07-08 13:22:08] → Restart LaunchAgent server...
Sync:   mỗi 2 giờ tự động (lần đầu lúc 00:00/02:00/...)

Trạng thái chi tiết: ./scripts/agent-status.sh
[2026-07-08 13:22:20] → Verify server up...
[2026-07-08 13:22:20] ✓ Server up (HTTP 200)
[2026-07-08 13:22:20] ✅ Refresh xong.
[2026-07-08 14:12:20] → User token tìm thấy trong .env.local (length: 215)
[2026-07-08 14:12:20] → Gọi POST /api/fb/exchange-token (longLived=1)...
[2026-07-08 14:12:21] ✓ Exchange thành công:
  Page: Chim Cút (id=198980770851754)
  Page token: EAAOho…28ZD (length: 225)
  envUpdated: True
[2026-07-08 14:12:21] → Restart LaunchAgent server...
Sync:   mỗi 2 giờ tự động (lần đầu lúc 00:00/02:00/...)

Trạng thái chi tiết: ./scripts/agent-status.sh
[2026-07-08 14:12:33] → Verify server up...
[2026-07-08 14:12:33] ✓ Server up (HTTP 200)
[2026-07-08 14:12:33] ✅ Refresh xong.
[2026-07-08 15:02:33] → User token tìm thấy trong .env.local (length: 220)
[2026-07-08 15:02:33] → Gọi POST /api/fb/exchange-token (longLived=1)...
[2026-07-08 15:02:34] ✓ Exchange thành công:
  Page: Chim Cút (id=198980770851754)
  Page token: EAAOho…WUZD (length: 222)
  envUpdated: True
[2026-07-08 15:02:34] → Restart LaunchAgent server...
Sync:   mỗi 2 giờ tự động (lần đầu lúc 00:00/02:00/...)

Trạng thái chi tiết: ./scripts/agent-status.sh
[2026-07-08 15:02:45] → Verify server up...
[2026-07-08 15:02:46] ✓ Server up (HTTP 200)
[2026-07-08 15:02:46] ✅ Refresh xong.
[2026-07-08 15:52:46] → User token tìm thấy trong .env.local (length: 210)
[2026-07-08 15:52:46] → Gọi POST /api/fb/exchange-token (longLived=1)...
[2026-07-08 15:52:47] ✓ Exchange thành công:
  Page: Chim Cút (id=198980770851754)
  Page token: EAAOho…NYZD (length: 220)
  envUpdated: True
[2026-07-08 15:52:47] → Restart LaunchAgent server...
Sync:   mỗi 2 giờ tự động (lần đầu lúc 00:00/02:00/...)

Trạng thái chi tiết: ./scripts/agent-status.sh
[2026-07-08 15:52:58] → Verify server up...
[2026-07-08 15:52:58] ✓ Server up (HTTP 200)
[2026-07-08 15:52:58] ✅ Refresh xong.
[2026-07-08 16:42:58] → User token tìm thấy trong .env.local (length: 218)
[2026-07-08 16:42:59] → Gọi POST /api/fb/exchange-token (longLived=1)...
[2026-07-08 16:43:00] ✓ Exchange thành công:
  Page: Chim Cút (id=198980770851754)
  Page token: EAAOho…TQZD (length: 230)
  envUpdated: True
[2026-07-08 16:43:00] → Restart LaunchAgent server...
Sync:   mỗi 2 giờ tự động (lần đầu lúc 00:00/02:00/...)

Trạng thái chi tiết: ./scripts/agent-status.sh
[2026-07-08 16:43:12] → Verify server up...
[2026-07-08 16:43:12] ✓ Server up (HTTP 200)
[2026-07-08 16:43:12] ✅ Refresh xong.
[2026-07-08 17:33:12] → User token tìm thấy trong .env.local (length: 212)
[2026-07-08 17:33:12] → Gọi POST /api/fb/exchange-token (longLived=1)...
[2026-07-08 17:33:13] ✓ Exchange thành công:
  Page: Chim Cút (id=198980770851754)
  Page token: EAAOho…CYZD (length: 223)
  envUpdated: True
[2026-07-08 17:33:13] → Restart LaunchAgent server...
Sync:   mỗi 2 giờ tự động (lần đầu lúc 00:00/02:00/...)

Trạng thái chi tiết: ./scripts/agent-status.sh
[2026-07-08 17:33:25] → Verify server up...
[2026-07-08 17:33:25] ✓ Server up (HTTP 200)
[2026-07-08 17:33:25] ✅ Refresh xong.
[2026-07-08 18:23:25] → User token tìm thấy trong .env.local (length: 213)
[2026-07-08 18:23:25] → Gọi POST /api/fb/exchange-token (longLived=1)...
[2026-07-08 18:23:27] ✓ Exchange thành công:
  Page: Chim Cút (id=198980770851754)
  Page token: EAAOho…BYZD (length: 226)
  envUpdated: True
[2026-07-08 18:23:27] → Restart LaunchAgent server...
Sync:   mỗi 2 giờ tự động (lần đầu lúc 00:00/02:00/...)

Trạng thái chi tiết: ./scripts/agent-status.sh
[2026-07-08 18:23:38] → Verify server up...
[2026-07-08 18:23:39] ✓ Server up (HTTP 200)
[2026-07-08 18:23:39] ✅ Refresh xong.
[2026-07-09 08:16:17] → User token tìm thấy trong .env.local (length: 211)
[2026-07-09 08:16:17] → Gọi POST /api/fb/exchange-token (longLived=1)...
[2026-07-09 08:16:18] ✓ Exchange thành công:
  Page: Chim Cút (id=198980770851754)
  Page token: EAAOho…68ZD (length: 230)
  envUpdated: True
[2026-07-09 08:16:18] → Restart LaunchAgent server...
Sync:   mỗi 2 giờ tự động (lần đầu lúc 00:00/02:00/...)

Trạng thái chi tiết: ./scripts/agent-status.sh
[2026-07-09 08:16:30] → Verify server up...
[2026-07-09 08:16:30] ✓ Server up (HTTP 200)
[2026-07-09 08:16:30] ✅ Refresh xong.
[2026-07-09 09:06:30] → User token tìm thấy trong .env.local (length: 215)
[2026-07-09 09:06:30] → Gọi POST /api/fb/exchange-token (longLived=1)...
[2026-07-09 09:06:32] ✓ Exchange thành công:
  Page: Chim Cút (id=198980770851754)
  Page token: EAAOho…4QZD (length: 219)
  envUpdated: True
[2026-07-09 09:06:32] → Restart LaunchAgent server...
Sync:   mỗi 2 giờ tự động (lần đầu lúc 00:00/02:00/...)

Trạng thái chi tiết: ./scripts/agent-status.sh
[2026-07-09 09:06:44] → Verify server up...
[2026-07-09 09:06:44] ✓ Server up (HTTP 200)
[2026-07-09 09:06:44] ✅ Refresh xong.
[2026-07-09 09:56:44] → User token tìm thấy trong .env.local (length: 211)
[2026-07-09 09:56:44] → Gọi POST /api/fb/exchange-token (longLived=1)...
[2026-07-09 09:56:47] ✓ Exchange thành công:
  Page: Chim Cút (id=198980770851754)
  Page token: EAAOho…TQZD (length: 227)
  envUpdated: True
[2026-07-09 09:56:47] → Restart LaunchAgent server...
Sync:   mỗi 2 giờ tự động (lần đầu lúc 00:00/02:00/...)

Trạng thái chi tiết: ./scripts/agent-status.sh
[2026-07-09 09:56:59] → Verify server up...
[2026-07-09 09:56:59] ✓ Server up (HTTP 200)
[2026-07-09 09:56:59] ✅ Refresh xong.
[2026-07-09 10:46:59] → User token tìm thấy trong .env.local (length: 219)
[2026-07-09 10:46:59] → Gọi POST /api/fb/exchange-token (longLived=1)...
[2026-07-09 10:47:00] ✓ Exchange thành công:
  Page: Chim Cút (id=198980770851754)
  Page token: EAAOho…iEZD (length: 231)
  envUpdated: True
[2026-07-09 10:47:01] → Restart LaunchAgent server...
Sync:   mỗi 2 giờ tự động (lần đầu lúc 00:00/02:00/...)

Trạng thái chi tiết: ./scripts/agent-status.sh
[2026-07-09 10:47:12] → Verify server up...
[2026-07-09 10:47:12] ✓ Server up (HTTP 200)
[2026-07-09 10:47:12] ✅ Refresh xong.
[2026-07-09 11:37:12] → User token tìm thấy trong .env.local (length: 214)
[2026-07-09 11:37:12] → Gọi POST /api/fb/exchange-token (longLived=1)...
[2026-07-09 11:37:13] ✓ Exchange thành công:
  Page: Chim Cút (id=198980770851754)
  Page token: EAAOho…xAZD (length: 224)
  envUpdated: True
[2026-07-09 11:37:13] → Restart LaunchAgent server...
Sync:   mỗi 2 giờ tự động (lần đầu lúc 00:00/02:00/...)

Trạng thái chi tiết: ./scripts/agent-status.sh
[2026-07-09 11:37:25] → Verify server up...
[2026-07-09 11:37:25] ✓ Server up (HTTP 200)
[2026-07-09 11:37:25] ✅ Refresh xong.
[2026-07-09 12:27:25] → User token tìm thấy trong .env.local (length: 210)
[2026-07-09 12:27:25] ✗ Server không chạy ở port 3123. Hãy chạy ./scripts/agent-start.sh trước.
[2026-07-09 13:17:25] → User token tìm thấy trong .env.local (length: 210)
[2026-07-09 13:17:25] → Gọi POST /api/fb/exchange-token (longLived=1)...
[2026-07-09 13:17:27] ✓ Exchange thành công:
  Page: Chim Cút (id=198980770851754)
  Page token: EAAOho…YsZD (length: 222)
  envUpdated: True
[2026-07-09 13:17:27] → Restart LaunchAgent server...
Sync:   mỗi 2 giờ tự động (lần đầu lúc 00:00/02:00/...)

Trạng thái chi tiết: ./scripts/agent-status.sh
[2026-07-09 13:17:38] → Verify server up...
[2026-07-09 13:17:38] ✓ Server up (HTTP 200)
[2026-07-09 13:17:38] ✅ Refresh xong.
[2026-07-09 14:07:38] → User token tìm thấy trong .env.local (length: 217)
[2026-07-09 14:07:38] → Gọi POST /api/fb/exchange-token (longLived=1)...
[2026-07-09 14:07:40] ✓ Exchange thành công:
  Page: Chim Cút (id=198980770851754)
  Page token: EAAOho…jwZD (length: 217)
  envUpdated: True
[2026-07-09 14:07:40] → Restart LaunchAgent server...
Sync:   mỗi 2 giờ tự động (lần đầu lúc 00:00/02:00/...)

Trạng thái chi tiết: ./scripts/agent-status.sh
[2026-07-09 14:07:51] → Verify server up...
[2026-07-09 14:07:52] ✓ Server up (HTTP 200)
[2026-07-09 14:07:52] ✅ Refresh xong.
[2026-07-09 14:57:52] → User token tìm thấy trong .env.local (length: 216)
[2026-07-09 14:57:52] → Gọi POST /api/fb/exchange-token (longLived=1)...
[2026-07-09 14:57:53] ✓ Exchange thành công:
  Page: Chim Cút (id=198980770851754)
  Page token: EAAOho…xUZD (length: 221)
  envUpdated: True
[2026-07-09 14:57:53] → Restart LaunchAgent server...
Sync:   mỗi 2 giờ tự động (lần đầu lúc 00:00/02:00/...)

Trạng thái chi tiết: ./scripts/agent-status.sh
[2026-07-09 14:58:05] → Verify server up...
[2026-07-09 14:58:05] ✓ Server up (HTTP 200)
[2026-07-09 14:58:05] ✅ Refresh xong.
[2026-07-09 15:48:05] → User token tìm thấy trong .env.local (length: 211)
[2026-07-09 15:48:05] → Gọi POST /api/fb/exchange-token (longLived=1)...
[2026-07-09 15:48:06] ✓ Exchange thành công:
  Page: Chim Cút (id=198980770851754)
  Page token: EAAOho…gYZD (length: 225)
  envUpdated: True
[2026-07-09 15:48:06] → Restart LaunchAgent server...
Sync:   mỗi 2 giờ tự động (lần đầu lúc 00:00/02:00/...)

Trạng thái chi tiết: ./scripts/agent-status.sh
[2026-07-09 15:48:18] → Verify server up...
[2026-07-09 15:48:18] ✓ Server up (HTTP 200)
[2026-07-09 15:48:18] ✅ Refresh xong.
[2026-07-09 16:38:19] → User token tìm thấy trong .env.local (length: 212)
[2026-07-09 16:38:27] → Gọi POST /api/fb/exchange-token (longLived=1)...
[2026-07-09 16:38:35] ✓ Exchange thành công:
  Page: Chim Cút (id=198980770851754)
  Page token: EAAOho…n0ZD (length: 216)
  envUpdated: True
[2026-07-09 16:38:35] → Restart LaunchAgent server...
Sync:   mỗi 2 giờ tự động (lần đầu lúc 00:00/02:00/...)

Trạng thái chi tiết: ./scripts/agent-status.sh
[2026-07-09 16:38:46] → Verify server up...
[2026-07-09 16:38:47] ✓ Server up (HTTP 200)
[2026-07-09 16:38:47] ✅ Refresh xong.
[2026-07-09 17:28:47] → User token tìm thấy trong .env.local (length: 212)
[2026-07-09 17:28:47] → Gọi POST /api/fb/exchange-token (longLived=1)...
[2026-07-09 17:28:48] ✓ Exchange thành công:
  Page: Chim Cút (id=198980770851754)
  Page token: EAAOho…F0ZD (length: 216)
  envUpdated: True
[2026-07-09 17:28:48] → Restart LaunchAgent server...
Sync:   mỗi 2 giờ tự động (lần đầu lúc 00:00/02:00/...)

Trạng thái chi tiết: ./scripts/agent-status.sh
[2026-07-09 17:29:00] → Verify server up...
[2026-07-09 17:29:00] ✓ Server up (HTTP 200)
[2026-07-09 17:29:00] ✅ Refresh xong.
[2026-07-09 18:19:00] → User token tìm thấy trong .env.local (length: 212)
[2026-07-09 18:19:01] → Gọi POST /api/fb/exchange-token (longLived=1)...
[2026-07-09 18:19:02] ✓ Exchange thành công:
  Page: Chim Cút (id=198980770851754)
  Page token: EAAOho…VIZD (length: 222)
  envUpdated: True
[2026-07-09 18:19:02] → Restart LaunchAgent server...
Sync:   mỗi 2 giờ tự động (lần đầu lúc 00:00/02:00/...)

Trạng thái chi tiết: ./scripts/agent-status.sh
[2026-07-09 18:19:13] → Verify server up...
[2026-07-09 18:19:13] ✓ Server up (HTTP 200)
[2026-07-09 18:19:13] ✅ Refresh xong.
[2026-07-09 19:09:13] → User token tìm thấy trong .env.local (length: 216)
[2026-07-09 19:09:13] → Gọi POST /api/fb/exchange-token (longLived=1)...
[2026-07-09 19:09:15] ✓ Exchange thành công:
  Page: Chim Cút (id=198980770851754)
  Page token: EAAOho…pAZD (length: 222)
  envUpdated: True
[2026-07-09 19:09:15] → Restart LaunchAgent server...
Sync:   mỗi 2 giờ tự động (lần đầu lúc 00:00/02:00/...)

Trạng thái chi tiết: ./scripts/agent-status.sh
[2026-07-09 19:09:26] → Verify server up...
[2026-07-09 19:09:26] ✓ Server up (HTTP 200)
[2026-07-09 19:09:26] ✅ Refresh xong.
[2026-07-09 19:59:26] → User token tìm thấy trong .env.local (length: 215)
[2026-07-09 19:59:26] → Gọi POST /api/fb/exchange-token (longLived=1)...
[2026-07-09 19:59:29] ✓ Exchange thành công:
  Page: Chim Cút (id=198980770851754)
  Page token: EAAOho…ywZD (length: 226)
  envUpdated: True
[2026-07-09 19:59:29] → Restart LaunchAgent server...
Sync:   mỗi 2 giờ tự động (lần đầu lúc 00:00/02:00/...)

Trạng thái chi tiết: ./scripts/agent-status.sh
[2026-07-09 19:59:41] → Verify server up...
[2026-07-09 19:59:41] ✓ Server up (HTTP 200)
[2026-07-09 19:59:41] ✅ Refresh xong.
[2026-07-09 20:49:41] → User token tìm thấy trong .env.local (length: 212)
[2026-07-09 20:49:41] → Gọi POST /api/fb/exchange-token (longLived=1)...
[2026-07-09 20:49:43] ✓ Exchange thành công:
  Page: Chim Cút (id=198980770851754)
  Page token: EAAOho…oYZD (length: 225)
  envUpdated: True
[2026-07-09 20:49:43] → Restart LaunchAgent server...
Sync:   mỗi 2 giờ tự động (lần đầu lúc 00:00/02:00/...)

Trạng thái chi tiết: ./scripts/agent-status.sh
[2026-07-09 20:49:54] → Verify server up...
[2026-07-09 20:49:54] ✓ Server up (HTTP 200)
[2026-07-09 20:49:54] ✅ Refresh xong.
[2026-07-10 08:13:01] → User token tìm thấy trong .env.local (length: 216)
[2026-07-10 08:13:01] → Gọi POST /api/fb/exchange-token (longLived=1)...
[2026-07-10 08:13:02] ✓ Exchange thành công:
  Page: Chim Cút (id=198980770851754)
  Page token: EAAOho…f4ZD (length: 224)
  envUpdated: True
[2026-07-10 08:13:02] → Restart LaunchAgent server...
Sync:   mỗi 2 giờ tự động (lần đầu lúc 00:00/02:00/...)

Trạng thái chi tiết: ./scripts/agent-status.sh
[2026-07-10 08:13:14] → Verify server up...
[2026-07-10 08:13:14] ✓ Server up (HTTP 200)
[2026-07-10 08:13:14] ✅ Refresh xong.
[2026-07-10 09:03:14] → User token tìm thấy trong .env.local (length: 210)
[2026-07-10 09:03:15] → Gọi POST /api/fb/exchange-token (longLived=1)...
[2026-07-10 09:03:16] ✓ Exchange thành công:
  Page: Chim Cút (id=198980770851754)
  Page token: EAAOho…pgZD (length: 222)
  envUpdated: True
[2026-07-10 09:03:16] → Restart LaunchAgent server...
Sync:   mỗi 2 giờ tự động (lần đầu lúc 00:00/02:00/...)

Trạng thái chi tiết: ./scripts/agent-status.sh
[2026-07-10 09:03:28] → Verify server up...
[2026-07-10 09:03:28] ✓ Server up (HTTP 200)
[2026-07-10 09:03:28] ✅ Refresh xong.
[2026-07-10 09:53:28] → User token tìm thấy trong .env.local (length: 215)
[2026-07-10 09:53:28] → Gọi POST /api/fb/exchange-token (longLived=1)...
[2026-07-10 09:53:29] ✓ Exchange thành công:
  Page: Chim Cút (id=198980770851754)
  Page token: EAAOho…PYZD (length: 223)
  envUpdated: True
[2026-07-10 09:53:30] → Restart LaunchAgent server...
Sync:   mỗi 2 giờ tự động (lần đầu lúc 00:00/02:00/...)

Trạng thái chi tiết: ./scripts/agent-status.sh
[2026-07-10 09:53:41] → Verify server up...
[2026-07-10 09:53:41] ✓ Server up (HTTP 200)
[2026-07-10 09:53:41] ✅ Refresh xong.
[2026-07-10 10:43:42] → User token tìm thấy trong .env.local (length: 220)
[2026-07-10 10:43:43] → Gọi POST /api/fb/exchange-token (longLived=1)...
[2026-07-10 10:43:48] ✓ Exchange thành công:
  Page: Chim Cút (id=198980770851754)
  Page token: EAAOho…fYZD (length: 221)
  envUpdated: True
[2026-07-10 10:43:48] → Restart LaunchAgent server...
Sync:   mỗi 2 giờ tự động (lần đầu lúc 00:00/02:00/...)

Trạng thái chi tiết: ./scripts/agent-status.sh
[2026-07-10 10:44:00] → Verify server up...
[2026-07-10 10:44:07] ✓ Server up (HTTP 200)
[2026-07-10 10:44:07] ✅ Refresh xong.
[2026-07-10 11:34:07] → User token tìm thấy trong .env.local (length: 216)
[2026-07-10 11:34:07] → Gọi POST /api/fb/exchange-token (longLived=1)...
[2026-07-10 11:34:09] ✓ Exchange thành công:
  Page: Chim Cút (id=198980770851754)
  Page token: EAAOho…EcZD (length: 221)
  envUpdated: True
[2026-07-10 11:34:09] → Restart LaunchAgent server...
Sync:   mỗi 2 giờ tự động (lần đầu lúc 00:00/02:00/...)

Trạng thái chi tiết: ./scripts/agent-status.sh
[2026-07-10 11:34:21] → Verify server up...
[2026-07-10 11:34:21] ✓ Server up (HTTP 200)
[2026-07-10 11:34:21] ✅ Refresh xong.
[2026-07-10 12:24:21] → User token tìm thấy trong .env.local (length: 219)
[2026-07-10 12:24:21] → Gọi POST /api/fb/exchange-token (longLived=1)...
[2026-07-10 12:24:22] ✓ Exchange thành công:
  Page: Chim Cút (id=198980770851754)
  Page token: EAAOho…pAZD (length: 226)
  envUpdated: True
[2026-07-10 12:24:22] → Restart LaunchAgent server...
Sync:   mỗi 2 giờ tự động (lần đầu lúc 00:00/02:00/...)

Trạng thái chi tiết: ./scripts/agent-status.sh
[2026-07-10 12:24:34] → Verify server up...
[2026-07-10 12:24:34] ✓ Server up (HTTP 200)
[2026-07-10 12:24:34] ✅ Refresh xong.
[2026-07-10 13:14:34] → User token tìm thấy trong .env.local (length: 211)
[2026-07-10 13:14:35] → Gọi POST /api/fb/exchange-token (longLived=1)...
[2026-07-10 13:14:37] ✓ Exchange thành công:
  Page: Chim Cút (id=198980770851754)
  Page token: EAAOho…EUZD (length: 224)
  envUpdated: True
[2026-07-10 13:14:37] → Restart LaunchAgent server...
Sync:   mỗi 2 giờ tự động (lần đầu lúc 00:00/02:00/...)

Trạng thái chi tiết: ./scripts/agent-status.sh
[2026-07-10 13:14:48] → Verify server up...
[2026-07-10 13:14:49] ✓ Server up (HTTP 200)
[2026-07-10 13:14:49] ✅ Refresh xong.
[2026-07-10 14:04:49] → User token tìm thấy trong .env.local (length: 214)
[2026-07-10 14:04:49] → Gọi POST /api/fb/exchange-token (longLived=1)...
[2026-07-10 14:04:50] ✓ Exchange thành công:
  Page: Chim Cút (id=198980770851754)
  Page token: EAAOho…fwZD (length: 227)
  envUpdated: True
[2026-07-10 14:04:50] → Restart LaunchAgent server...
Sync:   mỗi 2 giờ tự động (lần đầu lúc 00:00/02:00/...)

Trạng thái chi tiết: ./scripts/agent-status.sh
[2026-07-10 14:05:02] → Verify server up...
[2026-07-10 14:05:02] ✓ Server up (HTTP 200)
[2026-07-10 14:05:02] ✅ Refresh xong.
[2026-07-10 14:55:02] → User token tìm thấy trong .env.local (length: 214)
[2026-07-10 14:55:02] → Gọi POST /api/fb/exchange-token (longLived=1)...
[2026-07-10 14:55:04] ✓ Exchange thành công:
  Page: Chim Cút (id=198980770851754)
  Page token: EAAOho…AcZD (length: 221)
  envUpdated: True
[2026-07-10 14:55:04] → Restart LaunchAgent server...
Sync:   mỗi 2 giờ tự động (lần đầu lúc 00:00/02:00/...)

Trạng thái chi tiết: ./scripts/agent-status.sh
[2026-07-10 14:55:16] → Verify server up...
[2026-07-10 14:55:16] ✓ Server up (HTTP 200)
[2026-07-10 14:55:16] ✅ Refresh xong.
[2026-07-10 15:45:16] → User token tìm thấy trong .env.local (length: 214)
[2026-07-10 15:45:16] → Gọi POST /api/fb/exchange-token (longLived=1)...
[2026-07-10 15:45:17] ✓ Exchange thành công:
  Page: Chim Cút (id=198980770851754)
  Page token: EAAOho…1UZD (length: 218)
  envUpdated: True
[2026-07-10 15:45:17] → Restart LaunchAgent server...
Sync:   mỗi 2 giờ tự động (lần đầu lúc 00:00/02:00/...)

Trạng thái chi tiết: ./scripts/agent-status.sh
[2026-07-10 15:45:29] → Verify server up...
[2026-07-10 15:45:29] ✓ Server up (HTTP 200)
[2026-07-10 15:45:29] ✅ Refresh xong.
[2026-07-10 16:35:29] → User token tìm thấy trong .env.local (length: 209)
[2026-07-10 16:35:29] → Gọi POST /api/fb/exchange-token (longLived=1)...
[2026-07-10 16:35:30] ✓ Exchange thành công:
  Page: Chim Cút (id=198980770851754)
  Page token: EAAOho…XQZD (length: 224)
  envUpdated: True
[2026-07-10 16:35:30] → Restart LaunchAgent server...
Sync:   mỗi 2 giờ tự động (lần đầu lúc 00:00/02:00/...)

Trạng thái chi tiết: ./scripts/agent-status.sh
[2026-07-10 16:35:42] → Verify server up...
[2026-07-10 16:35:42] ✓ Server up (HTTP 200)
[2026-07-10 16:35:42] ✅ Refresh xong.
[2026-07-10 17:25:42] → User token tìm thấy trong .env.local (length: 219)
[2026-07-10 17:25:42] → Gọi POST /api/fb/exchange-token (longLived=1)...
[2026-07-10 17:25:44] ✓ Exchange thành công:
  Page: Chim Cút (id=198980770851754)
  Page token: EAAOho…AwZD (length: 224)
  envUpdated: True
[2026-07-10 17:25:44] → Restart LaunchAgent server...
Sync:   mỗi 2 giờ tự động (lần đầu lúc 00:00/02:00/...)

Trạng thái chi tiết: ./scripts/agent-status.sh
[2026-07-10 17:25:55] → Verify server up...
[2026-07-10 17:25:55] ✓ Server up (HTTP 200)
[2026-07-10 17:25:55] ✅ Refresh xong.
[2026-07-10 18:15:55] → User token tìm thấy trong .env.local (length: 206)
[2026-07-10 18:15:55] → Gọi POST /api/fb/exchange-token (longLived=1)...
[2026-07-10 18:15:57] ✓ Exchange thành công:
  Page: Chim Cút (id=198980770851754)
  Page token: EAAOho…pkZD (length: 218)
  envUpdated: True
[2026-07-10 18:15:57] → Restart LaunchAgent server...
Sync:   mỗi 2 giờ tự động (lần đầu lúc 00:00/02:00/...)

Trạng thái chi tiết: ./scripts/agent-status.sh
[2026-07-10 18:16:08] → Verify server up...
[2026-07-10 18:16:08] ✓ Server up (HTTP 200)
[2026-07-10 18:16:08] ✅ Refresh xong.
[2026-07-10 20:19:32] → User token tìm thấy trong .env.local (length: 211)
[2026-07-10 20:19:32] → Gọi POST /api/fb/exchange-token (longLived=1)...
[2026-07-10 20:19:33] ✓ Exchange thành công:
  Page: Chim Cút (id=198980770851754)
  Page token: EAAOho…HcZD (length: 224)
  envUpdated: True
[2026-07-10 20:19:33] → Restart LaunchAgent server...
Sync:   mỗi 2 giờ tự động (lần đầu lúc 00:00/02:00/...)

Trạng thái chi tiết: ./scripts/agent-status.sh
[2026-07-10 20:19:45] → Verify server up...
[2026-07-10 20:19:45] ✓ Server up (HTTP 200)
[2026-07-10 20:19:45] ✅ Refresh xong.
[2026-07-10 21:09:45] → User token tìm thấy trong .env.local (length: 219)
[2026-07-10 21:09:45] → Gọi POST /api/fb/exchange-token (longLived=1)...
[2026-07-10 21:09:46] ✓ Exchange thành công:
  Page: Chim Cút (id=198980770851754)
  Page token: EAAOho…jAZD (length: 232)
  envUpdated: True
[2026-07-10 21:09:46] → Restart LaunchAgent server...
Sync:   mỗi 2 giờ tự động (lần đầu lúc 00:00/02:00/...)

Trạng thái chi tiết: ./scripts/agent-status.sh
[2026-07-10 21:09:58] → Verify server up...
[2026-07-10 21:09:58] ✓ Server up (HTTP 200)
[2026-07-10 21:09:58] ✅ Refresh xong.
[2026-07-10 21:59:58] → User token tìm thấy trong .env.local (length: 220)
[2026-07-10 21:59:58] → Gọi POST /api/fb/exchange-token (longLived=1)...
[2026-07-10 21:59:59] ✓ Exchange thành công:
  Page: Chim Cút (id=198980770851754)
  Page token: EAAOho…QMZD (length: 228)
  envUpdated: True
[2026-07-10 21:59:59] → Restart LaunchAgent server...
Sync:   mỗi 2 giờ tự động (lần đầu lúc 00:00/02:00/...)

Trạng thái chi tiết: ./scripts/agent-status.sh
[2026-07-10 22:00:11] → Verify server up...
[2026-07-10 22:00:11] ✓ Server up (HTTP 200)
[2026-07-10 22:00:11] ✅ Refresh xong.
[2026-07-11 12:51:20] → User token tìm thấy trong .env.local (length: 216)
[2026-07-11 12:51:20] → Gọi POST /api/fb/exchange-token (longLived=1)...
[2026-07-11 12:51:22] ✓ Exchange thành công:
  Page: Chim Cút (id=198980770851754)
  Page token: EAAOho…T8ZD (length: 220)
  envUpdated: True
[2026-07-11 12:51:22] → Restart LaunchAgent server...
Sync:   mỗi 2 giờ tự động (lần đầu lúc 00:00/02:00/...)

Trạng thái chi tiết: ./scripts/agent-status.sh
[2026-07-11 12:51:33] → Verify server up...
[2026-07-11 12:51:33] ✓ Server up (HTTP 200)
[2026-07-11 12:51:33] ✅ Refresh xong.
[2026-07-11 13:41:34] → User token tìm thấy trong .env.local (length: 211)
[2026-07-11 13:41:34] → Gọi POST /api/fb/exchange-token (longLived=1)...
[2026-07-11 13:41:35] ✓ Exchange thành công:
  Page: Chim Cút (id=198980770851754)
  Page token: EAAOho…C4ZD (length: 220)
  envUpdated: True
[2026-07-11 13:41:35] → Restart LaunchAgent server...
Sync:   mỗi 2 giờ tự động (lần đầu lúc 00:00/02:00/...)

Trạng thái chi tiết: ./scripts/agent-status.sh
[2026-07-11 13:41:46] → Verify server up...
[2026-07-11 13:41:46] ✗ Server fail (HTTP 500)
[2026-07-11 13:41:46] ✅ Refresh xong.
[2026-07-11 14:31:46] → User token tìm thấy trong .env.local (length: 220)
[2026-07-11 14:31:46] → Gọi POST /api/fb/exchange-token (longLived=1)...
[2026-07-11 14:31:48] ✓ Exchange thành công:
  Page: Chim Cút (id=198980770851754)
  Page token: EAAOho…roZD (length: 233)
  envUpdated: True
[2026-07-11 14:31:48] → Restart LaunchAgent server...
Sync:   mỗi 2 giờ tự động (lần đầu lúc 00:00/02:00/...)

Trạng thái chi tiết: ./scripts/agent-status.sh
[2026-07-11 14:31:59] → Verify server up...
[2026-07-11 14:32:00] ✓ Server up (HTTP 200)
[2026-07-11 14:32:00] ✅ Refresh xong.
[2026-07-11 15:22:00] → User token tìm thấy trong .env.local (length: 215)
[2026-07-11 15:22:00] → Gọi POST /api/fb/exchange-token (longLived=1)...
[2026-07-11 15:22:01] ✓ Exchange thành công:
  Page: Chim Cút (id=198980770851754)
  Page token: EAAOho…ecZD (length: 224)
  envUpdated: True
[2026-07-11 15:22:01] → Restart LaunchAgent server...
Sync:   mỗi 2 giờ tự động (lần đầu lúc 00:00/02:00/...)

Trạng thái chi tiết: ./scripts/agent-status.sh
[2026-07-11 15:22:13] → Verify server up...
[2026-07-11 15:22:13] ✓ Server up (HTTP 200)
[2026-07-11 15:22:13] ✅ Refresh xong.
[2026-07-12 12:26:55] → User token tìm thấy trong .env.local (length: 213)
[2026-07-12 12:26:55] → Gọi POST /api/fb/exchange-token (longLived=1)...
[2026-07-12 12:26:56] ✓ Exchange thành công:
  Page: Chim Cút (id=198980770851754)
  Page token: EAAOho…GEZD (length: 222)
  envUpdated: True
[2026-07-12 12:26:56] → Restart LaunchAgent server...
Sync:   mỗi 2 giờ tự động (lần đầu lúc 00:00/02:00/...)

Trạng thái chi tiết: ./scripts/agent-status.sh
[2026-07-12 12:27:08] → Verify server up...
[2026-07-12 12:27:08] ✓ Server up (HTTP 200)
[2026-07-12 12:27:08] ✅ Refresh xong.
[2026-07-12 13:17:10] → User token tìm thấy trong .env.local (length: 214)
[2026-07-12 13:17:10] → Gọi POST /api/fb/exchange-token (longLived=1)...
[2026-07-12 13:17:12] ✓ Exchange thành công:
  Page: Chim Cút (id=198980770851754)
  Page token: EAAOho…PIZD (length: 220)
  envUpdated: True
[2026-07-12 13:17:12] → Restart LaunchAgent server...
Sync:   mỗi 2 giờ tự động (lần đầu lúc 00:00/02:00/...)

Trạng thái chi tiết: ./scripts/agent-status.sh
[2026-07-12 13:17:23] → Verify server up...
[2026-07-12 13:17:23] ✓ Server up (HTTP 200)
[2026-07-12 13:17:23] ✅ Refresh xong.
[2026-07-12 14:07:23] → User token tìm thấy trong .env.local (length: 219)
[2026-07-12 14:07:23] → Gọi POST /api/fb/exchange-token (longLived=1)...
[2026-07-12 14:07:25] ✓ Exchange thành công:
  Page: Chim Cút (id=198980770851754)
  Page token: EAAOho…tYZD (length: 218)
  envUpdated: True
[2026-07-12 14:07:25] → Restart LaunchAgent server...
Sync:   mỗi 2 giờ tự động (lần đầu lúc 00:00/02:00/...)

Trạng thái chi tiết: ./scripts/agent-status.sh
[2026-07-12 14:07:37] → Verify server up...
[2026-07-12 14:07:37] ✓ Server up (HTTP 200)
[2026-07-12 14:07:37] ✅ Refresh xong.
[2026-07-12 14:57:37] → User token tìm thấy trong .env.local (length: 214)
[2026-07-12 14:57:37] → Gọi POST /api/fb/exchange-token (longLived=1)...
[2026-07-12 14:57:39] ✓ Exchange thành công:
  Page: Chim Cút (id=198980770851754)
  Page token: EAAOho…tIZD (length: 219)
  envUpdated: True
[2026-07-12 14:57:39] → Restart LaunchAgent server...
Sync:   mỗi 2 giờ tự động (lần đầu lúc 00:00/02:00/...)

Trạng thái chi tiết: ./scripts/agent-status.sh
[2026-07-12 14:57:50] → Verify server up...
[2026-07-12 14:57:51] ✓ Server up (HTTP 200)
[2026-07-12 14:57:51] ✅ Refresh xong.
[2026-07-12 15:47:51] → User token tìm thấy trong .env.local (length: 216)
[2026-07-12 15:47:51] → Gọi POST /api/fb/exchange-token (longLived=1)...
[2026-07-12 15:47:52] ✓ Exchange thành công:
  Page: Chim Cút (id=198980770851754)
  Page token: EAAOho…84ZD (length: 223)
  envUpdated: True
[2026-07-12 15:47:52] → Restart LaunchAgent server...
Sync:   mỗi 2 giờ tự động (lần đầu lúc 00:00/02:00/...)

Trạng thái chi tiết: ./scripts/agent-status.sh
[2026-07-12 15:48:03] → Verify server up...
[2026-07-12 15:48:04] ✓ Server up (HTTP 200)
[2026-07-12 15:48:04] ✅ Refresh xong.
[2026-07-12 16:38:04] → User token tìm thấy trong .env.local (length: 210)
[2026-07-12 16:38:04] → Gọi POST /api/fb/exchange-token (longLived=1)...
[2026-07-12 16:38:06] ✓ Exchange thành công:
  Page: Chim Cút (id=198980770851754)
  Page token: EAAOho…vkZD (length: 219)
  envUpdated: True
[2026-07-12 16:38:06] → Restart LaunchAgent server...
Sync:   mỗi 2 giờ tự động (lần đầu lúc 00:00/02:00/...)

Trạng thái chi tiết: ./scripts/agent-status.sh
[2026-07-12 16:38:17] → Verify server up...
[2026-07-12 16:38:18] ✓ Server up (HTTP 200)
[2026-07-12 16:38:18] ✅ Refresh xong.
[2026-07-12 17:28:18] → User token tìm thấy trong .env.local (length: 211)
[2026-07-12 17:28:18] → Gọi POST /api/fb/exchange-token (longLived=1)...
[2026-07-12 17:28:19] ✓ Exchange thành công:
  Page: Chim Cút (id=198980770851754)
  Page token: EAAOho…GQZD (length: 223)
  envUpdated: True
[2026-07-12 17:28:19] → Restart LaunchAgent server...
Sync:   mỗi 2 giờ tự động (lần đầu lúc 00:00/02:00/...)

Trạng thái chi tiết: ./scripts/agent-status.sh
[2026-07-12 17:28:31] → Verify server up...
[2026-07-12 17:28:31] ✓ Server up (HTTP 200)
[2026-07-12 17:28:31] ✅ Refresh xong.
[2026-07-12 18:18:31] → User token tìm thấy trong .env.local (length: 213)
[2026-07-12 18:18:31] → Gọi POST /api/fb/exchange-token (longLived=1)...
[2026-07-12 18:18:32] ✓ Exchange thành công:
  Page: Chim Cút (id=198980770851754)
  Page token: EAAOho…M4ZD (length: 222)
  envUpdated: True
[2026-07-12 18:18:32] → Restart LaunchAgent server...
Sync:   mỗi 2 giờ tự động (lần đầu lúc 00:00/02:00/...)

Trạng thái chi tiết: ./scripts/agent-status.sh
[2026-07-12 18:18:44] → Verify server up...
[2026-07-12 18:18:44] ✓ Server up (HTTP 200)
[2026-07-12 18:18:44] ✅ Refresh xong.
[2026-07-12 19:08:44] → User token tìm thấy trong .env.local (length: 216)
[2026-07-12 19:08:44] → Gọi POST /api/fb/exchange-token (longLived=1)...
[2026-07-12 19:08:45] ✓ Exchange thành công:
  Page: Chim Cút (id=198980770851754)
  Page token: EAAOho…ygZD (length: 222)
  envUpdated: True
[2026-07-12 19:08:45] → Restart LaunchAgent server...
Sync:   mỗi 2 giờ tự động (lần đầu lúc 00:00/02:00/...)

Trạng thái chi tiết: ./scripts/agent-status.sh
[2026-07-12 19:08:57] → Verify server up...
[2026-07-12 19:08:57] ✓ Server up (HTTP 200)
[2026-07-12 19:08:57] ✅ Refresh xong.
[2026-07-12 19:58:57] → User token tìm thấy trong .env.local (length: 211)
[2026-07-12 19:58:57] → Gọi POST /api/fb/exchange-token (longLived=1)...
[2026-07-12 19:58:59] ✓ Exchange thành công:
  Page: Chim Cút (id=198980770851754)
  Page token: EAAOho…u8ZD (length: 227)
  envUpdated: True
[2026-07-12 19:58:59] → Restart LaunchAgent server...
Sync:   mỗi 2 giờ tự động (lần đầu lúc 00:00/02:00/...)

Trạng thái chi tiết: ./scripts/agent-status.sh
[2026-07-12 19:59:10] → Verify server up...
[2026-07-12 19:59:10] ✓ Server up (HTTP 200)
[2026-07-12 19:59:10] ✅ Refresh xong.
[2026-07-12 20:49:10] → User token tìm thấy trong .env.local (length: 216)
[2026-07-12 20:49:10] → Gọi POST /api/fb/exchange-token (longLived=1)...
[2026-07-12 20:49:11] ✓ Exchange thành công:
  Page: Chim Cút (id=198980770851754)
  Page token: EAAOho…xwZD (length: 219)
  envUpdated: True
[2026-07-12 20:49:12] → Restart LaunchAgent server...
Sync:   mỗi 2 giờ tự động (lần đầu lúc 00:00/02:00/...)

Trạng thái chi tiết: ./scripts/agent-status.sh
[2026-07-12 20:49:23] → Verify server up...
[2026-07-12 20:49:23] ✓ Server up (HTTP 200)
[2026-07-12 20:49:23] ✅ Refresh xong.
[2026-07-13 10:10:50] → User token tìm thấy trong .env.local (length: 212)
[2026-07-13 10:10:50] → Gọi POST /api/fb/exchange-token (longLived=1)...
[2026-07-13 10:10:51] ✓ Exchange thành công:
  Page: Chim Cút (id=198980770851754)
  Page token: EAAOho…0MZD (length: 219)
  envUpdated: True
[2026-07-13 10:10:51] → Restart LaunchAgent server...
Sync:   mỗi 2 giờ tự động (lần đầu lúc 00:00/02:00/...)

Trạng thái chi tiết: ./scripts/agent-status.sh
[2026-07-13 10:11:03] → Verify server up...
[2026-07-13 10:11:03] ✓ Server up (HTTP 200)
[2026-07-13 10:11:03] ✅ Refresh xong.
[2026-07-13 11:01:03] → User token tìm thấy trong .env.local (length: 215)
[2026-07-13 11:01:07] → Gọi POST /api/fb/exchange-token (longLived=1)...
[2026-07-13 11:01:08] ✓ Exchange thành công:
  Page: Chim Cút (id=198980770851754)
  Page token: EAAOho…YoZD (length: 218)
  envUpdated: True
[2026-07-13 11:01:08] → Restart LaunchAgent server...
Sync:   mỗi 2 giờ tự động (lần đầu lúc 00:00/02:00/...)

Trạng thái chi tiết: ./scripts/agent-status.sh
[2026-07-13 11:01:20] → Verify server up...
[2026-07-13 11:01:20] ✓ Server up (HTTP 200)
[2026-07-13 11:01:20] ✅ Refresh xong.
[2026-07-13 11:51:20] → User token tìm thấy trong .env.local (length: 214)
[2026-07-13 11:51:20] → Gọi POST /api/fb/exchange-token (longLived=1)...
[2026-07-13 11:51:23] ✓ Exchange thành công:
  Page: Chim Cút (id=198980770851754)
  Page token: EAAOho…k4ZD (length: 221)
  envUpdated: True
[2026-07-13 11:51:23] → Restart LaunchAgent server...
Sync:   mỗi 2 giờ tự động (lần đầu lúc 00:00/02:00/...)

Trạng thái chi tiết: ./scripts/agent-status.sh
[2026-07-13 11:51:35] → Verify server up...
[2026-07-13 11:51:35] ✓ Server up (HTTP 200)
[2026-07-13 11:51:35] ✅ Refresh xong.
[2026-07-13 12:41:35] → User token tìm thấy trong .env.local (length: 212)
[2026-07-13 12:41:35] → Gọi POST /api/fb/exchange-token (longLived=1)...
[2026-07-13 12:41:36] ✓ Exchange thành công:
  Page: Chim Cút (id=198980770851754)
  Page token: EAAOho…XwZD (length: 223)
  envUpdated: True
[2026-07-13 12:41:36] → Restart LaunchAgent server...
Sync:   mỗi 2 giờ tự động (lần đầu lúc 00:00/02:00/...)

Trạng thái chi tiết: ./scripts/agent-status.sh
[2026-07-13 12:41:48] → Verify server up...
[2026-07-13 12:41:48] ✓ Server up (HTTP 200)
[2026-07-13 12:41:48] ✅ Refresh xong.
[2026-07-13 13:31:48] → User token tìm thấy trong .env.local (length: 209)
[2026-07-13 13:31:48] → Gọi POST /api/fb/exchange-token (longLived=1)...
[2026-07-13 13:31:49] ✓ Exchange thành công:
  Page: Chim Cút (id=198980770851754)
  Page token: EAAOho…gkZD (length: 228)
  envUpdated: True
[2026-07-13 13:31:49] → Restart LaunchAgent server...
Sync:   mỗi 2 giờ tự động (lần đầu lúc 00:00/02:00/...)

Trạng thái chi tiết: ./scripts/agent-status.sh
[2026-07-13 13:32:00] → Verify server up...
[2026-07-13 13:32:00] ✓ Server up (HTTP 200)
[2026-07-13 13:32:00] ✅ Refresh xong.
[2026-07-13 14:22:00] → User token tìm thấy trong .env.local (length: 217)
[2026-07-13 14:22:01] → Gọi POST /api/fb/exchange-token (longLived=1)...
[2026-07-13 14:22:02] ✓ Exchange thành công:
  Page: Chim Cút (id=198980770851754)
  Page token: EAAOho…IMZD (length: 227)
  envUpdated: True
[2026-07-13 14:22:02] → Restart LaunchAgent server...
Sync:   mỗi 2 giờ tự động (lần đầu lúc 00:00/02:00/...)

Trạng thái chi tiết: ./scripts/agent-status.sh
[2026-07-13 14:22:13] → Verify server up...
[2026-07-13 14:22:13] ✓ Server up (HTTP 200)
[2026-07-13 14:22:13] ✅ Refresh xong.
[2026-07-13 15:12:13] → User token tìm thấy trong .env.local (length: 214)
[2026-07-13 15:12:14] → Gọi POST /api/fb/exchange-token (longLived=1)...
[2026-07-13 15:12:15] ✓ Exchange thành công:
  Page: Chim Cút (id=198980770851754)
  Page token: EAAOho…p0ZD (length: 225)
  envUpdated: True
[2026-07-13 15:12:15] → Restart LaunchAgent server...
Sync:   mỗi 2 giờ tự động (lần đầu lúc 00:00/02:00/...)

Trạng thái chi tiết: ./scripts/agent-status.sh
[2026-07-13 15:12:26] → Verify server up...
[2026-07-13 15:12:26] ✓ Server up (HTTP 200)
[2026-07-13 15:12:26] ✅ Refresh xong.
[2026-07-13 16:02:26] → User token tìm thấy trong .env.local (length: 213)
[2026-07-13 16:02:26] → Gọi POST /api/fb/exchange-token (longLived=1)...
[2026-07-13 16:02:28] ✓ Exchange thành công:
  Page: Chim Cút (id=198980770851754)
  Page token: EAAOho…GQZD (length: 223)
  envUpdated: True
[2026-07-13 16:02:28] → Restart LaunchAgent server...
Sync:   mỗi 2 giờ tự động (lần đầu lúc 00:00/02:00/...)

Trạng thái chi tiết: ./scripts/agent-status.sh
[2026-07-13 16:02:44] → Verify server up...
[2026-07-13 16:02:44] ✓ Server up (HTTP 200)
[2026-07-13 16:02:44] ✅ Refresh xong.
[2026-07-13 16:52:44] → User token tìm thấy trong .env.local (length: 213)
[2026-07-13 16:52:44] → Gọi POST /api/fb/exchange-token (longLived=1)...
[2026-07-13 16:52:46] ✓ Exchange thành công:
  Page: Chim Cút (id=198980770851754)
  Page token: EAAOho…48ZD (length: 219)
  envUpdated: True
[2026-07-13 16:52:46] → Restart LaunchAgent server...
Sync:   mỗi 2 giờ tự động (lần đầu lúc 00:00/02:00/...)

Trạng thái chi tiết: ./scripts/agent-status.sh
[2026-07-13 16:52:58] → Verify server up...
[2026-07-13 16:52:58] ✓ Server up (HTTP 200)
[2026-07-13 16:52:58] ✅ Refresh xong.
[2026-07-13 17:42:58] → User token tìm thấy trong .env.local (length: 208)
[2026-07-13 17:42:58] → Gọi POST /api/fb/exchange-token (longLived=1)...
[2026-07-13 17:42:59] ✓ Exchange thành công:
  Page: Chim Cút (id=198980770851754)
  Page token: EAAOho…xgZD (length: 227)
  envUpdated: True
[2026-07-13 17:42:59] → Restart LaunchAgent server...
Sync:   mỗi 2 giờ tự động (lần đầu lúc 00:00/02:00/...)

Trạng thái chi tiết: ./scripts/agent-status.sh
[2026-07-13 17:43:11] → Verify server up...
[2026-07-13 17:43:11] ✓ Server up (HTTP 200)
[2026-07-13 17:43:11] ✅ Refresh xong.
[2026-07-13 18:33:11] → User token tìm thấy trong .env.local (length: 213)
[2026-07-13 18:33:11] → Gọi POST /api/fb/exchange-token (longLived=1)...
[2026-07-13 18:33:12] ✓ Exchange thành công:
  Page: Chim Cút (id=198980770851754)
  Page token: EAAOho…EQZD (length: 222)
  envUpdated: True
[2026-07-13 18:33:12] → Restart LaunchAgent server...
Sync:   mỗi 2 giờ tự động (lần đầu lúc 00:00/02:00/...)

Trạng thái chi tiết: ./scripts/agent-status.sh
[2026-07-13 18:33:24] → Verify server up...
[2026-07-13 18:33:24] ✓ Server up (HTTP 200)
[2026-07-13 18:33:24] ✅ Refresh xong.
[2026-07-13 19:23:24] → User token tìm thấy trong .env.local (length: 220)
[2026-07-13 19:23:24] → Gọi POST /api/fb/exchange-token (longLived=1)...
[2026-07-13 19:23:25] ✓ Exchange thành công:
  Page: Chim Cút (id=198980770851754)
  Page token: EAAOho…LUZD (length: 219)
  envUpdated: True
[2026-07-13 19:23:25] → Restart LaunchAgent server...
Sync:   mỗi 2 giờ tự động (lần đầu lúc 00:00/02:00/...)

Trạng thái chi tiết: ./scripts/agent-status.sh
[2026-07-13 19:23:37] → Verify server up...
[2026-07-13 19:23:37] ✓ Server up (HTTP 200)
[2026-07-13 19:23:37] ✅ Refresh xong.
[2026-07-13 20:13:37] → User token tìm thấy trong .env.local (length: 215)
[2026-07-13 20:13:37] → Gọi POST /api/fb/exchange-token (longLived=1)...
[2026-07-13 20:13:38] ✓ Exchange thành công:
  Page: Chim Cút (id=198980770851754)
  Page token: EAAOho…b0ZD (length: 224)
  envUpdated: True
[2026-07-13 20:13:38] → Restart LaunchAgent server...
Sync:   mỗi 2 giờ tự động (lần đầu lúc 00:00/02:00/...)

Trạng thái chi tiết: ./scripts/agent-status.sh
[2026-07-13 20:13:49] → Verify server up...
[2026-07-13 20:13:50] ✓ Server up (HTTP 200)
[2026-07-13 20:13:50] ✅ Refresh xong.
[2026-07-13 21:03:50] → User token tìm thấy trong .env.local (length: 215)
[2026-07-13 21:03:50] → Gọi POST /api/fb/exchange-token (longLived=1)...
[2026-07-13 21:03:51] ✓ Exchange thành công:
  Page: Chim Cút (id=198980770851754)
  Page token: EAAOho…VUZD (length: 221)
  envUpdated: True
[2026-07-13 21:03:51] → Restart LaunchAgent server...
Sync:   mỗi 2 giờ tự động (lần đầu lúc 00:00/02:00/...)

Trạng thái chi tiết: ./scripts/agent-status.sh
[2026-07-13 21:04:03] → Verify server up...
[2026-07-13 21:04:03] ✓ Server up (HTTP 200)
[2026-07-13 21:04:03] ✅ Refresh xong.
[2026-07-13 21:54:03] → User token tìm thấy trong .env.local (length: 218)
[2026-07-13 21:54:03] → Gọi POST /api/fb/exchange-token (longLived=1)...
[2026-07-13 21:54:05] ✓ Exchange thành công:
  Page: Chim Cút (id=198980770851754)
  Page token: EAAOho…rgZD (length: 219)
  envUpdated: True
[2026-07-13 21:54:05] → Restart LaunchAgent server...
Sync:   mỗi 2 giờ tự động (lần đầu lúc 00:00/02:00/...)

Trạng thái chi tiết: ./scripts/agent-status.sh
[2026-07-13 21:54:17] → Verify server up...
[2026-07-13 21:54:17] ✓ Server up (HTTP 200)
[2026-07-13 21:54:17] ✅ Refresh xong.
[2026-07-13 22:44:17] → User token tìm thấy trong .env.local (length: 217)
[2026-07-13 22:44:17] → Gọi POST /api/fb/exchange-token (longLived=1)...
[2026-07-13 22:44:19] ✓ Exchange thành công:
  Page: Chim Cút (id=198980770851754)
  Page token: EAAOho…YoZD (length: 222)
  envUpdated: True
[2026-07-13 22:44:19] → Restart LaunchAgent server...
Sync:   mỗi 2 giờ tự động (lần đầu lúc 00:00/02:00/...)

Trạng thái chi tiết: ./scripts/agent-status.sh
[2026-07-13 22:44:30] → Verify server up...
[2026-07-13 22:44:31] ✓ Server up (HTTP 200)
[2026-07-13 22:44:31] ✅ Refresh xong.
[2026-07-13 23:34:31] → User token tìm thấy trong .env.local (length: 212)
[2026-07-13 23:34:31] → Gọi POST /api/fb/exchange-token (longLived=1)...
[2026-07-13 23:34:32] ✓ Exchange thành công:
  Page: Chim Cút (id=198980770851754)
  Page token: EAAOho…AkZD (length: 222)
  envUpdated: True
[2026-07-13 23:34:32] → Restart LaunchAgent server...
Sync:   mỗi 2 giờ tự động (lần đầu lúc 00:00/02:00/...)

Trạng thái chi tiết: ./scripts/agent-status.sh
[2026-07-13 23:34:44] → Verify server up...
[2026-07-13 23:34:44] ✓ Server up (HTTP 200)
[2026-07-13 23:34:44] ✅ Refresh xong.
[2026-07-14 00:24:44] → User token tìm thấy trong .env.local (length: 218)
[2026-07-14 00:24:45] → Gọi POST /api/fb/exchange-token (longLived=1)...
[2026-07-14 00:24:46] ✓ Exchange thành công:
  Page: Chim Cút (id=198980770851754)
  Page token: EAAOho…zoZD (length: 221)
  envUpdated: True
[2026-07-14 00:24:46] → Restart LaunchAgent server...
Sync:   mỗi 2 giờ tự động (lần đầu lúc 00:00/02:00/...)

Trạng thái chi tiết: ./scripts/agent-status.sh
[2026-07-14 00:24:58] → Verify server up...
[2026-07-14 00:24:58] ✓ Server up (HTTP 200)
[2026-07-14 00:24:58] ✅ Refresh xong.
[2026-07-14 01:14:58] → User token tìm thấy trong .env.local (length: 217)
[2026-07-14 01:14:58] → Gọi POST /api/fb/exchange-token (longLived=1)...
[2026-07-14 01:14:59] ✓ Exchange thành công:
  Page: Chim Cút (id=198980770851754)
  Page token: EAAOho…bIZD (length: 222)
  envUpdated: True
[2026-07-14 01:14:59] → Restart LaunchAgent server...
Sync:   mỗi 2 giờ tự động (lần đầu lúc 00:00/02:00/...)

Trạng thái chi tiết: ./scripts/agent-status.sh
[2026-07-14 01:15:11] → Verify server up...
[2026-07-14 01:15:11] ✓ Server up (HTTP 200)
[2026-07-14 01:15:11] ✅ Refresh xong.
[2026-07-14 02:05:11] → User token tìm thấy trong .env.local (length: 212)
[2026-07-14 02:05:11] → Gọi POST /api/fb/exchange-token (longLived=1)...
[2026-07-14 02:05:13] ✓ Exchange thành công:
  Page: Chim Cút (id=198980770851754)
  Page token: EAAOho…d8ZD (length: 226)
  envUpdated: True
[2026-07-14 02:05:13] → Restart LaunchAgent server...
Sync:   mỗi 2 giờ tự động (lần đầu lúc 00:00/02:00/...)

Trạng thái chi tiết: ./scripts/agent-status.sh
[2026-07-14 02:05:24] → Verify server up...
[2026-07-14 02:05:24] ✓ Server up (HTTP 200)
[2026-07-14 02:05:24] ✅ Refresh xong.
[2026-07-14 02:55:24] → User token tìm thấy trong .env.local (length: 216)
[2026-07-14 02:55:25] → Gọi POST /api/fb/exchange-token (longLived=1)...
[2026-07-14 02:55:26] ✓ Exchange thành công:
  Page: Chim Cút (id=198980770851754)
  Page token: EAAOho…AUZD (length: 221)
  envUpdated: True
[2026-07-14 02:55:26] → Restart LaunchAgent server...
Sync:   mỗi 2 giờ tự động (lần đầu lúc 00:00/02:00/...)

Trạng thái chi tiết: ./scripts/agent-status.sh
[2026-07-14 02:55:38] → Verify server up...
[2026-07-14 02:55:38] ✓ Server up (HTTP 200)
[2026-07-14 02:55:38] ✅ Refresh xong.
[2026-07-14 03:45:38] → User token tìm thấy trong .env.local (length: 215)
[2026-07-14 03:45:38] → Gọi POST /api/fb/exchange-token (longLived=1)...
[2026-07-14 03:45:40] ✓ Exchange thành công:
  Page: Chim Cút (id=198980770851754)
  Page token: EAAOho…jIZD (length: 223)
  envUpdated: True
[2026-07-14 03:45:40] → Restart LaunchAgent server...
Sync:   mỗi 2 giờ tự động (lần đầu lúc 00:00/02:00/...)

Trạng thái chi tiết: ./scripts/agent-status.sh
[2026-07-14 03:45:51] → Verify server up...
[2026-07-14 03:45:52] ✓ Server up (HTTP 200)
[2026-07-14 03:45:52] ✅ Refresh xong.
[2026-07-14 04:35:52] → User token tìm thấy trong .env.local (length: 212)
[2026-07-14 04:35:52] → Gọi POST /api/fb/exchange-token (longLived=1)...
[2026-07-14 04:35:53] ✓ Exchange thành công:
  Page: Chim Cút (id=198980770851754)
  Page token: EAAOho…EAZD (length: 223)
  envUpdated: True
[2026-07-14 04:35:53] → Restart LaunchAgent server...
Sync:   mỗi 2 giờ tự động (lần đầu lúc 00:00/02:00/...)

Trạng thái chi tiết: ./scripts/agent-status.sh
[2026-07-14 04:36:05] → Verify server up...
[2026-07-14 04:36:05] ✓ Server up (HTTP 200)
[2026-07-14 04:36:05] ✅ Refresh xong.
[2026-07-14 05:26:05] → User token tìm thấy trong .env.local (length: 218)
[2026-07-14 05:26:05] → Gọi POST /api/fb/exchange-token (longLived=1)...
[2026-07-14 05:26:06] ✓ Exchange thành công:
  Page: Chim Cút (id=198980770851754)
  Page token: EAAOho…NMZD (length: 227)
  envUpdated: True
[2026-07-14 05:26:07] → Restart LaunchAgent server...
Sync:   mỗi 2 giờ tự động (lần đầu lúc 00:00/02:00/...)

Trạng thái chi tiết: ./scripts/agent-status.sh
[2026-07-14 05:26:18] → Verify server up...
[2026-07-14 05:26:19] ✓ Server up (HTTP 200)
[2026-07-14 05:26:19] ✅ Refresh xong.
[2026-07-14 06:16:19] → User token tìm thấy trong .env.local (length: 216)
[2026-07-14 06:16:19] → Gọi POST /api/fb/exchange-token (longLived=1)...
[2026-07-14 06:16:20] ✓ Exchange thành công:
  Page: Chim Cút (id=198980770851754)
  Page token: EAAOho…dIZD (length: 216)
  envUpdated: True
[2026-07-14 06:16:20] → Restart LaunchAgent server...
Sync:   mỗi 2 giờ tự động (lần đầu lúc 00:00/02:00/...)

Trạng thái chi tiết: ./scripts/agent-status.sh
[2026-07-14 06:16:32] → Verify server up...
[2026-07-14 06:16:32] ✓ Server up (HTTP 200)
[2026-07-14 06:16:32] ✅ Refresh xong.
[2026-07-14 07:06:32] → User token tìm thấy trong .env.local (length: 212)
[2026-07-14 07:06:32] → Gọi POST /api/fb/exchange-token (longLived=1)...
[2026-07-14 07:06:33] ✓ Exchange thành công:
  Page: Chim Cút (id=198980770851754)
  Page token: EAAOho…zYZD (length: 228)
  envUpdated: True
[2026-07-14 07:06:34] → Restart LaunchAgent server...
Sync:   mỗi 2 giờ tự động (lần đầu lúc 00:00/02:00/...)

Trạng thái chi tiết: ./scripts/agent-status.sh
[2026-07-14 07:06:45] → Verify server up...
[2026-07-14 07:06:46] ✓ Server up (HTTP 200)
[2026-07-14 07:06:46] ✅ Refresh xong.
[2026-07-14 07:56:46] → User token tìm thấy trong .env.local (length: 217)
[2026-07-14 07:56:46] → Gọi POST /api/fb/exchange-token (longLived=1)...
[2026-07-14 07:56:47] ✓ Exchange thành công:
  Page: Chim Cút (id=198980770851754)
  Page token: EAAOho…CsZD (length: 229)
  envUpdated: True
[2026-07-14 07:56:47] → Restart LaunchAgent server...
Sync:   mỗi 2 giờ tự động (lần đầu lúc 00:00/02:00/...)

Trạng thái chi tiết: ./scripts/agent-status.sh
[2026-07-14 07:56:59] → Verify server up...
[2026-07-14 07:56:59] ✓ Server up (HTTP 200)
[2026-07-14 07:56:59] ✅ Refresh xong.
[2026-07-14 08:46:59] → User token tìm thấy trong .env.local (length: 221)
[2026-07-14 08:46:59] → Gọi POST /api/fb/exchange-token (longLived=1)...
[2026-07-14 08:47:01] ✓ Exchange thành công:
  Page: Chim Cút (id=198980770851754)
  Page token: EAAOho…4MZD (length: 223)
  envUpdated: True
[2026-07-14 08:47:01] → Restart LaunchAgent server...
Sync:   mỗi 2 giờ tự động (lần đầu lúc 00:00/02:00/...)

Trạng thái chi tiết: ./scripts/agent-status.sh
[2026-07-14 08:47:13] → Verify server up...
[2026-07-14 08:47:13] ✓ Server up (HTTP 200)
[2026-07-14 08:47:13] ✅ Refresh xong.
[2026-07-14 09:37:13] → User token tìm thấy trong .env.local (length: 209)
[2026-07-14 09:37:14] → Gọi POST /api/fb/exchange-token (longLived=1)...
[2026-07-14 09:37:16] ✓ Exchange thành công:
  Page: Chim Cút (id=198980770851754)
  Page token: EAAOho…jsZD (length: 221)
  envUpdated: True
[2026-07-14 09:37:16] → Restart LaunchAgent server...
Sync:   mỗi 2 giờ tự động (lần đầu lúc 00:00/02:00/...)

Trạng thái chi tiết: ./scripts/agent-status.sh
[2026-07-14 09:37:28] → Verify server up...
[2026-07-14 09:37:28] ✓ Server up (HTTP 200)
[2026-07-14 09:37:28] ✅ Refresh xong.
[2026-07-14 10:27:28] → User token tìm thấy trong .env.local (length: 210)
[2026-07-14 10:27:29] → Gọi POST /api/fb/exchange-token (longLived=1)...
[2026-07-14 10:27:36] ✓ Exchange thành công:
  Page: Chim Cút (id=198980770851754)
  Page token: EAAOho…uwZD (length: 226)
  envUpdated: True
[2026-07-14 10:27:37] → Restart LaunchAgent server...
Sync:   mỗi 2 giờ tự động (lần đầu lúc 00:00/02:00/...)

Trạng thái chi tiết: ./scripts/agent-status.sh
[2026-07-14 10:27:50] → Verify server up...
[2026-07-14 11:17:50] → User token tìm thấy trong .env.local (length: 215)
[2026-07-14 11:17:50] → Gọi POST /api/fb/exchange-token (longLived=1)...
[2026-07-14 11:17:51] ✓ Exchange thành công:
  Page: Chim Cút (id=198980770851754)
  Page token: EAAOho…rQZD (length: 220)
  envUpdated: True
[2026-07-14 11:17:51] → Restart LaunchAgent server...
Sync:   mỗi 2 giờ tự động (lần đầu lúc 00:00/02:00/...)

Trạng thái chi tiết: ./scripts/agent-status.sh
[2026-07-14 11:18:03] → Verify server up...
[2026-07-14 12:08:03] → User token tìm thấy trong .env.local (length: 211)
[2026-07-14 12:08:03] → Gọi POST /api/fb/exchange-token (longLived=1)...
[2026-07-14 12:08:04] ✓ Exchange thành công:
  Page: Chim Cút (id=198980770851754)
  Page token: EAAOho…vMZD (length: 224)
  envUpdated: True
[2026-07-14 12:08:05] → Restart LaunchAgent server...
Sync:   mỗi 2 giờ tự động (lần đầu lúc 00:00/02:00/...)

Trạng thái chi tiết: ./scripts/agent-status.sh
[2026-07-14 12:08:16] → Verify server up...
[2026-07-14 12:08:16] ✓ Server up (HTTP 200)
[2026-07-14 12:08:16] ✅ Refresh xong.
[2026-07-14 12:58:16] → User token tìm thấy trong .env.local (length: 213)
[2026-07-14 12:58:16] → Gọi POST /api/fb/exchange-token (longLived=1)...
[2026-07-14 12:58:18] ✓ Exchange thành công:
  Page: Chim Cút (id=198980770851754)
  Page token: EAAOho…qkZD (length: 224)
  envUpdated: True
[2026-07-14 12:58:18] → Restart LaunchAgent server...
Sync:   mỗi 2 giờ tự động (lần đầu lúc 00:00/02:00/...)

Trạng thái chi tiết: ./scripts/agent-status.sh
[2026-07-14 12:58:29] → Verify server up...
[2026-07-14 12:58:30] ✓ Server up (HTTP 200)
[2026-07-14 12:58:30] ✅ Refresh xong.
[2026-07-14 13:48:30] → User token tìm thấy trong .env.local (length: 217)
[2026-07-14 13:48:30] → Gọi POST /api/fb/exchange-token (longLived=1)...
[2026-07-14 13:48:31] ✓ Exchange thành công:
  Page: Chim Cút (id=198980770851754)
  Page token: EAAOho…OwZD (length: 228)
  envUpdated: True
[2026-07-14 13:48:31] → Restart LaunchAgent server...
Sync:   mỗi 2 giờ tự động (lần đầu lúc 00:00/02:00/...)

Trạng thái chi tiết: ./scripts/agent-status.sh
[2026-07-14 13:48:43] → Verify server up...
[2026-07-14 13:48:43] ✓ Server up (HTTP 200)
[2026-07-14 13:48:43] ✅ Refresh xong.
[2026-07-14 14:38:43] → User token tìm thấy trong .env.local (length: 210)
[2026-07-14 14:38:43] → Gọi POST /api/fb/exchange-token (longLived=1)...
[2026-07-14 14:38:44] ✓ Exchange thành công:
  Page: Chim Cút (id=198980770851754)
  Page token: EAAOho…JMZD (length: 225)
  envUpdated: True
[2026-07-14 14:38:45] → Restart LaunchAgent server...
Sync:   mỗi 2 giờ tự động (lần đầu lúc 00:00/02:00/...)

Trạng thái chi tiết: ./scripts/agent-status.sh
[2026-07-14 14:38:56] → Verify server up...
[2026-07-14 14:38:57] ✓ Server up (HTTP 200)
[2026-07-14 14:38:57] ✅ Refresh xong.
[2026-07-14 15:28:57] → User token tìm thấy trong .env.local (length: 211)
[2026-07-14 15:28:57] → Gọi POST /api/fb/exchange-token (longLived=1)...
[2026-07-14 15:28:58] ✓ Exchange thành công:
  Page: Chim Cút (id=198980770851754)
  Page token: EAAOho…E8ZD (length: 217)
  envUpdated: True
[2026-07-14 15:28:59] → Restart LaunchAgent server...
Sync:   mỗi 2 giờ tự động (lần đầu lúc 00:00/02:00/...)

Trạng thái chi tiết: ./scripts/agent-status.sh
[2026-07-14 15:29:10] → Verify server up...
[2026-07-14 15:29:10] ✓ Server up (HTTP 200)
[2026-07-14 15:29:10] ✅ Refresh xong.
[2026-07-14 16:19:10] → User token tìm thấy trong .env.local (length: 214)
[2026-07-14 16:19:10] → Gọi POST /api/fb/exchange-token (longLived=1)...
[2026-07-14 16:19:11] ✓ Exchange thành công:
  Page: Chim Cút (id=198980770851754)
  Page token: EAAOho…1sZD (length: 223)
  envUpdated: True
[2026-07-14 16:19:12] → Restart LaunchAgent server...
Sync:   mỗi 2 giờ tự động (lần đầu lúc 00:00/02:00/...)

Trạng thái chi tiết: ./scripts/agent-status.sh
[2026-07-14 16:19:23] → Verify server up...
[2026-07-14 16:19:23] ✓ Server up (HTTP 200)
[2026-07-14 16:19:23] ✅ Refresh xong.
[2026-07-14 17:09:23] → User token tìm thấy trong .env.local (length: 222)
[2026-07-14 17:09:24] → Gọi POST /api/fb/exchange-token (longLived=1)...
[2026-07-14 17:09:25] ✓ Exchange thành công:
  Page: Chim Cút (id=198980770851754)
  Page token: EAAOho…NAZD (length: 225)
  envUpdated: True
[2026-07-14 17:09:25] → Restart LaunchAgent server...
Sync:   mỗi 2 giờ tự động (lần đầu lúc 00:00/02:00/...)

Trạng thái chi tiết: ./scripts/agent-status.sh
[2026-07-14 17:09:37] → Verify server up...
[2026-07-14 17:09:37] ✓ Server up (HTTP 200)
[2026-07-14 17:09:37] ✅ Refresh xong.
[2026-07-14 17:59:37] → User token tìm thấy trong .env.local (length: 210)
[2026-07-14 17:59:37] → Gọi POST /api/fb/exchange-token (longLived=1)...
[2026-07-14 17:59:38] ✓ Exchange thành công:
  Page: Chim Cút (id=198980770851754)
  Page token: EAAOho…ksZD (length: 223)
  envUpdated: True
[2026-07-14 17:59:38] → Restart LaunchAgent server...
Sync:   mỗi 2 giờ tự động (lần đầu lúc 00:00/02:00/...)

Trạng thái chi tiết: ./scripts/agent-status.sh
[2026-07-14 17:59:50] → Verify server up...
[2026-07-14 17:59:50] ✓ Server up (HTTP 200)
[2026-07-14 17:59:50] ✅ Refresh xong.
[2026-07-14 18:49:50] → User token tìm thấy trong .env.local (length: 219)
[2026-07-14 18:49:51] → Gọi POST /api/fb/exchange-token (longLived=1)...
[2026-07-14 18:49:52] ✓ Exchange thành công:
  Page: Chim Cút (id=198980770851754)
  Page token: EAAOho…0YZD (length: 217)
  envUpdated: True
[2026-07-14 18:49:52] → Restart LaunchAgent server...
Sync:   mỗi 2 giờ tự động (lần đầu lúc 00:00/02:00/...)

Trạng thái chi tiết: ./scripts/agent-status.sh
[2026-07-14 18:50:04] → Verify server up...
[2026-07-14 18:50:04] ✓ Server up (HTTP 200)
[2026-07-14 18:50:04] ✅ Refresh xong.
[2026-07-14 19:40:04] → User token tìm thấy trong .env.local (length: 215)
[2026-07-14 19:40:04] → Gọi POST /api/fb/exchange-token (longLived=1)...
[2026-07-14 19:40:05] ✓ Exchange thành công:
  Page: Chim Cút (id=198980770851754)
  Page token: EAAOho…ooZD (length: 225)
  envUpdated: True
[2026-07-14 19:40:06] → Restart LaunchAgent server...
Sync:   mỗi 2 giờ tự động (lần đầu lúc 00:00/02:00/...)

Trạng thái chi tiết: ./scripts/agent-status.sh
[2026-07-14 19:40:18] → Verify server up...
[2026-07-14 19:40:18] ✓ Server up (HTTP 200)
[2026-07-14 19:40:18] ✅ Refresh xong.
[2026-07-14 20:30:18] → User token tìm thấy trong .env.local (length: 214)
[2026-07-14 20:30:18] → Gọi POST /api/fb/exchange-token (longLived=1)...
[2026-07-14 20:30:19] ✓ Exchange thành công:
  Page: Chim Cút (id=198980770851754)
  Page token: EAAOho…wMZD (length: 224)
  envUpdated: True
[2026-07-14 20:30:19] → Restart LaunchAgent server...
Sync:   mỗi 2 giờ tự động (lần đầu lúc 00:00/02:00/...)

Trạng thái chi tiết: ./scripts/agent-status.sh
[2026-07-14 20:30:31] → Verify server up...
[2026-07-14 20:30:31] ✓ Server up (HTTP 200)
[2026-07-14 20:30:31] ✅ Refresh xong.
[2026-07-14 21:20:31] → User token tìm thấy trong .env.local (length: 212)
[2026-07-14 21:20:31] → Gọi POST /api/fb/exchange-token (longLived=1)...
[2026-07-14 21:20:32] ✓ Exchange thành công:
  Page: Chim Cút (id=198980770851754)
  Page token: EAAOho…bYZD (length: 223)
  envUpdated: True
[2026-07-14 21:20:33] → Restart LaunchAgent server...
Sync:   mỗi 2 giờ tự động (lần đầu lúc 00:00/02:00/...)

Trạng thái chi tiết: ./scripts/agent-status.sh
[2026-07-14 21:20:44] → Verify server up...
[2026-07-14 21:20:44] ✓ Server up (HTTP 200)
[2026-07-14 21:20:44] ✅ Refresh xong.
[2026-07-14 22:10:44] → User token tìm thấy trong .env.local (length: 210)
[2026-07-14 22:10:44] → Gọi POST /api/fb/exchange-token (longLived=1)...
[2026-07-14 22:10:45] ✓ Exchange thành công:
  Page: Chim Cút (id=198980770851754)
  Page token: EAAOho…Y8ZD (length: 219)
  envUpdated: True
[2026-07-14 22:10:45] → Restart LaunchAgent server...
Sync:   mỗi 2 giờ tự động (lần đầu lúc 00:00/02:00/...)

Trạng thái chi tiết: ./scripts/agent-status.sh
[2026-07-14 22:10:57] → Verify server up...
[2026-07-14 22:10:57] ✓ Server up (HTTP 200)
[2026-07-14 22:10:57] ✅ Refresh xong.
[2026-07-14 23:00:57] → User token tìm thấy trong .env.local (length: 223)
[2026-07-14 23:00:58] → Gọi POST /api/fb/exchange-token (longLived=1)...
[2026-07-14 23:00:59] ✓ Exchange thành công:
  Page: Chim Cút (id=198980770851754)
  Page token: EAAOho…XAZD (length: 227)
  envUpdated: True
[2026-07-14 23:00:59] → Restart LaunchAgent server...
Sync:   mỗi 2 giờ tự động (lần đầu lúc 00:00/02:00/...)

Trạng thái chi tiết: ./scripts/agent-status.sh
[2026-07-14 23:01:11] → Verify server up...
[2026-07-14 23:01:11] ✓ Server up (HTTP 200)
[2026-07-14 23:01:11] ✅ Refresh xong.
[2026-07-14 23:51:11] → User token tìm thấy trong .env.local (length: 216)
[2026-07-14 23:51:11] → Gọi POST /api/fb/exchange-token (longLived=1)...
[2026-07-14 23:51:12] ✓ Exchange thành công:
  Page: Chim Cút (id=198980770851754)
  Page token: EAAOho…IUZD (length: 224)
  envUpdated: True
[2026-07-14 23:51:12] → Restart LaunchAgent server...
Sync:   mỗi 2 giờ tự động (lần đầu lúc 00:00/02:00/...)

Trạng thái chi tiết: ./scripts/agent-status.sh
[2026-07-14 23:51:24] → Verify server up...
[2026-07-14 23:51:24] ✓ Server up (HTTP 200)
[2026-07-14 23:51:24] ✅ Refresh xong.
[2026-07-15 00:41:24] → User token tìm thấy trong .env.local (length: 218)
[2026-07-15 00:41:24] → Gọi POST /api/fb/exchange-token (longLived=1)...
[2026-07-15 00:41:26] ✓ Exchange thành công:
  Page: Chim Cút (id=198980770851754)
  Page token: EAAOho…cQZD (length: 225)
  envUpdated: True
[2026-07-15 00:41:26] → Restart LaunchAgent server...
Sync:   mỗi 2 giờ tự động (lần đầu lúc 00:00/02:00/...)

Trạng thái chi tiết: ./scripts/agent-status.sh
[2026-07-15 00:41:37] → Verify server up...
[2026-07-15 00:41:38] ✓ Server up (HTTP 200)
[2026-07-15 00:41:38] ✅ Refresh xong.
[2026-07-15 01:31:38] → User token tìm thấy trong .env.local (length: 208)
[2026-07-15 01:31:38] → Gọi POST /api/fb/exchange-token (longLived=1)...
[2026-07-15 01:31:39] ✓ Exchange thành công:
  Page: Chim Cút (id=198980770851754)
  Page token: EAAOho…m4ZD (length: 224)
  envUpdated: True
[2026-07-15 01:31:39] → Restart LaunchAgent server...
Sync:   mỗi 2 giờ tự động (lần đầu lúc 00:00/02:00/...)

Trạng thái chi tiết: ./scripts/agent-status.sh
[2026-07-15 01:31:51] → Verify server up...
[2026-07-15 01:31:51] ✓ Server up (HTTP 200)
[2026-07-15 01:31:51] ✅ Refresh xong.
[2026-07-15 02:21:51] → User token tìm thấy trong .env.local (length: 217)
[2026-07-15 02:21:51] → Gọi POST /api/fb/exchange-token (longLived=1)...
[2026-07-15 02:21:52] ✓ Exchange thành công:
  Page: Chim Cút (id=198980770851754)
  Page token: EAAOho…8IZD (length: 224)
  envUpdated: True
[2026-07-15 02:21:53] → Restart LaunchAgent server...
Sync:   mỗi 2 giờ tự động (lần đầu lúc 00:00/02:00/...)

Trạng thái chi tiết: ./scripts/agent-status.sh
[2026-07-15 02:22:04] → Verify server up...
[2026-07-15 02:22:04] ✓ Server up (HTTP 200)
[2026-07-15 02:22:05] ✅ Refresh xong.
[2026-07-15 03:12:05] → User token tìm thấy trong .env.local (length: 211)
[2026-07-15 03:12:05] → Gọi POST /api/fb/exchange-token (longLived=1)...
[2026-07-15 03:12:06] ✓ Exchange thành công:
  Page: Chim Cút (id=198980770851754)
  Page token: EAAOho…qIZD (length: 224)
  envUpdated: True
[2026-07-15 03:12:06] → Restart LaunchAgent server...
Sync:   mỗi 2 giờ tự động (lần đầu lúc 00:00/02:00/...)

Trạng thái chi tiết: ./scripts/agent-status.sh
[2026-07-15 03:12:18] → Verify server up...
[2026-07-15 03:12:18] ✓ Server up (HTTP 200)
[2026-07-15 03:12:18] ✅ Refresh xong.
[2026-07-15 04:02:18] → User token tìm thấy trong .env.local (length: 219)
[2026-07-15 04:02:18] → Gọi POST /api/fb/exchange-token (longLived=1)...
[2026-07-15 04:02:19] ✓ Exchange thành công:
  Page: Chim Cút (id=198980770851754)
  Page token: EAAOho…5kZD (length: 223)
  envUpdated: True
[2026-07-15 04:02:19] → Restart LaunchAgent server...
Sync:   mỗi 2 giờ tự động (lần đầu lúc 00:00/02:00/...)

Trạng thái chi tiết: ./scripts/agent-status.sh
[2026-07-15 04:02:36] → Verify server up...
[2026-07-15 04:02:36] ✓ Server up (HTTP 200)
[2026-07-15 04:02:36] ✅ Refresh xong.
[2026-07-15 04:52:36] → User token tìm thấy trong .env.local (length: 217)
[2026-07-15 04:52:36] → Gọi POST /api/fb/exchange-token (longLived=1)...
[2026-07-15 04:52:38] ✓ Exchange thành công:
  Page: Chim Cút (id=198980770851754)
  Page token: EAAOho…JoZD (length: 221)
  envUpdated: True
[2026-07-15 04:52:38] → Restart LaunchAgent server...
Sync:   mỗi 2 giờ tự động (lần đầu lúc 00:00/02:00/...)

Trạng thái chi tiết: ./scripts/agent-status.sh
[2026-07-15 04:52:49] → Verify server up...
[2026-07-15 04:52:50] ✓ Server up (HTTP 200)
[2026-07-15 04:52:50] ✅ Refresh xong.
[2026-07-15 05:42:50] → User token tìm thấy trong .env.local (length: 208)
[2026-07-15 05:42:50] → Gọi POST /api/fb/exchange-token (longLived=1)...
[2026-07-15 05:42:51] ✓ Exchange thành công:
  Page: Chim Cút (id=198980770851754)
  Page token: EAAOho…mMZD (length: 222)
  envUpdated: True
[2026-07-15 05:42:51] → Restart LaunchAgent server...
Sync:   mỗi 2 giờ tự động (lần đầu lúc 00:00/02:00/...)

Trạng thái chi tiết: ./scripts/agent-status.sh
[2026-07-15 05:43:03] → Verify server up...
[2026-07-15 05:43:03] ✓ Server up (HTTP 200)
[2026-07-15 05:43:03] ✅ Refresh xong.
[2026-07-15 06:33:03] → User token tìm thấy trong .env.local (length: 213)
[2026-07-15 06:33:03] → Gọi POST /api/fb/exchange-token (longLived=1)...
[2026-07-15 06:33:04] ✓ Exchange thành công:
  Page: Chim Cút (id=198980770851754)
  Page token: EAAOho…4kZD (length: 220)
  envUpdated: True
[2026-07-15 06:33:05] → Restart LaunchAgent server...
Sync:   mỗi 2 giờ tự động (lần đầu lúc 00:00/02:00/...)

Trạng thái chi tiết: ./scripts/agent-status.sh
[2026-07-15 06:33:16] → Verify server up...
[2026-07-15 06:33:17] ✓ Server up (HTTP 200)
[2026-07-15 06:33:17] ✅ Refresh xong.
[2026-07-15 07:23:17] → User token tìm thấy trong .env.local (length: 221)
[2026-07-15 07:23:17] → Gọi POST /api/fb/exchange-token (longLived=1)...
[2026-07-15 07:23:18] ✓ Exchange thành công:
  Page: Chim Cút (id=198980770851754)
  Page token: EAAOho…3gZD (length: 220)
  envUpdated: True
[2026-07-15 07:23:18] → Restart LaunchAgent server...
Sync:   mỗi 2 giờ tự động (lần đầu lúc 00:00/02:00/...)

Trạng thái chi tiết: ./scripts/agent-status.sh
[2026-07-15 07:23:30] → Verify server up...
[2026-07-15 07:23:30] ✓ Server up (HTTP 200)
[2026-07-15 07:23:30] ✅ Refresh xong.
[2026-07-15 08:13:30] → User token tìm thấy trong .env.local (length: 210)
[2026-07-15 08:13:30] → Gọi POST /api/fb/exchange-token (longLived=1)...
[2026-07-15 08:13:31] ✓ Exchange thành công:
  Page: Chim Cút (id=198980770851754)
  Page token: EAAOho…IYZD (length: 219)
  envUpdated: True
[2026-07-15 08:13:31] → Restart LaunchAgent server...
Sync:   mỗi 2 giờ tự động (lần đầu lúc 00:00/02:00/...)

Trạng thái chi tiết: ./scripts/agent-status.sh
[2026-07-15 08:13:43] → Verify server up...
[2026-07-15 08:13:43] ✓ Server up (HTTP 200)
[2026-07-15 08:13:43] ✅ Refresh xong.
[2026-07-15 09:03:43] → User token tìm thấy trong .env.local (length: 215)
[2026-07-15 09:03:43] → Gọi POST /api/fb/exchange-token (longLived=1)...
[2026-07-15 09:03:45] ✓ Exchange thành công:
  Page: Chim Cút (id=198980770851754)
  Page token: EAAOho…uEZD (length: 231)
  envUpdated: True
[2026-07-15 09:03:45] → Restart LaunchAgent server...
Sync:   mỗi 2 giờ tự động (lần đầu lúc 00:00/02:00/...)

Trạng thái chi tiết: ./scripts/agent-status.sh
[2026-07-15 09:03:56] → Verify server up...
[2026-07-15 09:03:56] ✓ Server up (HTTP 200)
[2026-07-15 09:03:56] ✅ Refresh xong.
[2026-07-15 09:53:56] → User token tìm thấy trong .env.local (length: 209)
[2026-07-15 09:53:56] → Gọi POST /api/fb/exchange-token (longLived=1)...
[2026-07-15 09:53:58] ✓ Exchange thành công:
  Page: Chim Cút (id=198980770851754)
  Page token: EAAOho…H8ZD (length: 223)
  envUpdated: True
[2026-07-15 09:53:58] → Restart LaunchAgent server...
Sync:   mỗi 2 giờ tự động (lần đầu lúc 00:00/02:00/...)

Trạng thái chi tiết: ./scripts/agent-status.sh
[2026-07-15 09:54:09] → Verify server up...
[2026-07-15 09:54:09] ✓ Server up (HTTP 200)
[2026-07-15 09:54:09] ✅ Refresh xong.
[2026-07-15 10:44:09] → User token tìm thấy trong .env.local (length: 217)
[2026-07-15 10:44:10] → Gọi POST /api/fb/exchange-token (longLived=1)...
[2026-07-15 10:44:11] ✓ Exchange thành công:
  Page: Chim Cút (id=198980770851754)
  Page token: EAAOho…7wZD (length: 223)
  envUpdated: True
[2026-07-15 10:44:11] → Restart LaunchAgent server...
Sync:   mỗi 2 giờ tự động (lần đầu lúc 00:00/02:00/...)

Trạng thái chi tiết: ./scripts/agent-status.sh
[2026-07-15 10:44:22] → Verify server up...
[2026-07-15 10:44:22] ✓ Server up (HTTP 200)
[2026-07-15 10:44:22] ✅ Refresh xong.
[2026-07-15 11:34:22] → User token tìm thấy trong .env.local (length: 218)
[2026-07-15 11:34:24] → Gọi POST /api/fb/exchange-token (longLived=1)...
[2026-07-15 11:34:26] ✓ Exchange thành công:
  Page: Chim Cút (id=198980770851754)
  Page token: EAAOho…voZD (length: 221)
  envUpdated: True
[2026-07-15 11:34:26] → Restart LaunchAgent server...
Sync:   mỗi 2 giờ tự động (lần đầu lúc 00:00/02:00/...)

Trạng thái chi tiết: ./scripts/agent-status.sh
[2026-07-15 11:34:37] → Verify server up...
[2026-07-15 11:34:38] ✓ Server up (HTTP 200)
[2026-07-15 11:34:38] ✅ Refresh xong.
[2026-07-15 12:24:38] → User token tìm thấy trong .env.local (length: 213)
[2026-07-15 12:24:38] → Gọi POST /api/fb/exchange-token (longLived=1)...
[2026-07-15 12:24:39] ✓ Exchange thành công:
  Page: Chim Cút (id=198980770851754)
  Page token: EAAOho…RgZD (length: 223)
  envUpdated: True
[2026-07-15 12:24:39] → Restart LaunchAgent server...
Sync:   mỗi 2 giờ tự động (lần đầu lúc 00:00/02:00/...)

Trạng thái chi tiết: ./scripts/agent-status.sh
[2026-07-15 12:24:51] → Verify server up...
[2026-07-15 12:24:51] ✓ Server up (HTTP 200)
[2026-07-15 12:24:51] ✅ Refresh xong.
[2026-07-15 13:14:51] → User token tìm thấy trong .env.local (length: 221)
[2026-07-15 13:14:51] → Gọi POST /api/fb/exchange-token (longLived=1)...
[2026-07-15 13:14:53] ✓ Exchange thành công:
  Page: Chim Cút (id=198980770851754)
  Page token: EAAOho…8YZD (length: 220)
  envUpdated: True
[2026-07-15 13:14:53] → Restart LaunchAgent server...
Sync:   mỗi 2 giờ tự động (lần đầu lúc 00:00/02:00/...)

Trạng thái chi tiết: ./scripts/agent-status.sh
[2026-07-15 13:15:05] → Verify server up...
[2026-07-15 13:15:05] ✓ Server up (HTTP 200)
[2026-07-15 13:15:05] ✅ Refresh xong.
[2026-07-15 14:05:05] → User token tìm thấy trong .env.local (length: 215)
[2026-07-15 14:05:05] → Gọi POST /api/fb/exchange-token (longLived=1)...
[2026-07-15 14:05:06] ✓ Exchange thành công:
  Page: Chim Cút (id=198980770851754)
  Page token: EAAOho…TcZD (length: 223)
  envUpdated: True
[2026-07-15 14:05:06] → Restart LaunchAgent server...
Sync:   mỗi 2 giờ tự động (lần đầu lúc 00:00/02:00/...)

Trạng thái chi tiết: ./scripts/agent-status.sh
[2026-07-15 14:05:18] → Verify server up...
[2026-07-15 14:05:18] ✓ Server up (HTTP 200)
[2026-07-15 14:05:18] ✅ Refresh xong.
[2026-07-15 14:55:18] → User token tìm thấy trong .env.local (length: 216)
[2026-07-15 14:55:18] → Gọi POST /api/fb/exchange-token (longLived=1)...
[2026-07-15 14:55:20] ✓ Exchange thành công:
  Page: Chim Cút (id=198980770851754)
  Page token: EAAOho…YIZD (length: 218)
  envUpdated: True
[2026-07-15 14:55:20] → Restart LaunchAgent server...
Sync:   mỗi 2 giờ tự động (lần đầu lúc 00:00/02:00/...)

Trạng thái chi tiết: ./scripts/agent-status.sh
[2026-07-15 14:55:31] → Verify server up...
[2026-07-15 14:55:31] ✓ Server up (HTTP 200)
[2026-07-15 14:55:31] ✅ Refresh xong.
[2026-07-15 15:45:32] → User token tìm thấy trong .env.local (length: 211)
[2026-07-15 15:45:35] → Gọi POST /api/fb/exchange-token (longLived=1)...
[2026-07-15 15:45:37] ✓ Exchange thành công:
  Page: Chim Cút (id=198980770851754)
  Page token: EAAOho…PgZD (length: 221)
  envUpdated: True
[2026-07-15 15:45:37] → Restart LaunchAgent server...
Sync:   mỗi 2 giờ tự động (lần đầu lúc 00:00/02:00/...)

Trạng thái chi tiết: ./scripts/agent-status.sh
[2026-07-15 15:45:49] → Verify server up...
[2026-07-15 15:45:49] ✓ Server up (HTTP 200)
[2026-07-15 15:45:49] ✅ Refresh xong.
[2026-07-15 16:35:49] → User token tìm thấy trong .env.local (length: 219)
[2026-07-15 16:35:49] → Gọi POST /api/fb/exchange-token (longLived=1)...
[2026-07-15 16:35:50] ✓ Exchange thành công:
  Page: Chim Cút (id=198980770851754)
  Page token: EAAOho…qoZD (length: 227)
  envUpdated: True
[2026-07-15 16:35:50] → Restart LaunchAgent server...
Sync:   mỗi 2 giờ tự động (lần đầu lúc 00:00/02:00/...)

Trạng thái chi tiết: ./scripts/agent-status.sh
[2026-07-15 16:36:02] → Verify server up...
[2026-07-15 16:36:02] ✓ Server up (HTTP 200)
[2026-07-15 16:36:02] ✅ Refresh xong.
[2026-07-15 17:26:02] → User token tìm thấy trong .env.local (length: 213)
[2026-07-15 17:26:02] → Gọi POST /api/fb/exchange-token (longLived=1)...
[2026-07-15 17:26:03] ✓ Exchange thành công:
  Page: Chim Cút (id=198980770851754)
  Page token: EAAOho…xEZD (length: 225)
  envUpdated: True
[2026-07-15 17:26:03] → Restart LaunchAgent server...
Sync:   mỗi 2 giờ tự động (lần đầu lúc 00:00/02:00/...)

Trạng thái chi tiết: ./scripts/agent-status.sh
[2026-07-15 17:26:15] → Verify server up...
[2026-07-15 17:26:15] ✓ Server up (HTTP 200)
[2026-07-15 17:26:15] ✅ Refresh xong.
[2026-07-15 18:16:15] → User token tìm thấy trong .env.local (length: 217)
[2026-07-15 18:16:15] → Gọi POST /api/fb/exchange-token (longLived=1)...
[2026-07-15 18:16:16] ✓ Exchange thành công:
  Page: Chim Cút (id=198980770851754)
  Page token: EAAOho…3kZD (length: 223)
  envUpdated: True
[2026-07-15 18:16:16] → Restart LaunchAgent server...
Sync:   mỗi 2 giờ tự động (lần đầu lúc 00:00/02:00/...)

Trạng thái chi tiết: ./scripts/agent-status.sh
[2026-07-15 18:16:28] → Verify server up...
[2026-07-15 18:16:29] ✓ Server up (HTTP 200)
[2026-07-15 18:16:30] ✅ Refresh xong.
[2026-07-15 19:06:30] → User token tìm thấy trong .env.local (length: 217)
[2026-07-15 19:06:30] → Gọi POST /api/fb/exchange-token (longLived=1)...
[2026-07-15 19:06:31] ✓ Exchange thành công:
  Page: Chim Cút (id=198980770851754)
  Page token: EAAOho…DMZD (length: 217)
  envUpdated: True
[2026-07-15 19:06:31] → Restart LaunchAgent server...
Sync:   mỗi 2 giờ tự động (lần đầu lúc 00:00/02:00/...)

Trạng thái chi tiết: ./scripts/agent-status.sh
[2026-07-15 19:06:43] → Verify server up...
[2026-07-15 19:06:43] ✓ Server up (HTTP 200)
[2026-07-15 19:06:43] ✅ Refresh xong.
[2026-07-15 19:56:43] → User token tìm thấy trong .env.local (length: 215)
[2026-07-15 19:56:43] → Gọi POST /api/fb/exchange-token (longLived=1)...
[2026-07-15 19:56:45] ✓ Exchange thành công:
  Page: Chim Cút (id=198980770851754)
  Page token: EAAOho…RkZD (length: 223)
  envUpdated: True
[2026-07-15 19:56:45] → Restart LaunchAgent server...
Sync:   mỗi 2 giờ tự động (lần đầu lúc 00:00/02:00/...)

Trạng thái chi tiết: ./scripts/agent-status.sh
[2026-07-15 19:56:57] → Verify server up...
[2026-07-15 19:56:57] ✓ Server up (HTTP 200)
[2026-07-15 19:56:57] ✅ Refresh xong.
[2026-07-15 20:46:57] → User token tìm thấy trong .env.local (length: 216)
[2026-07-15 20:46:57] → Gọi POST /api/fb/exchange-token (longLived=1)...
[2026-07-15 20:46:58] ✓ Exchange thành công:
  Page: Chim Cút (id=198980770851754)
  Page token: EAAOho…SoZD (length: 231)
  envUpdated: True
[2026-07-15 20:46:58] → Restart LaunchAgent server...
Sync:   mỗi 2 giờ tự động (lần đầu lúc 00:00/02:00/...)

Trạng thái chi tiết: ./scripts/agent-status.sh
[2026-07-15 20:47:09] → Verify server up...
[2026-07-15 20:47:09] ✓ Server up (HTTP 200)
[2026-07-15 20:47:09] ✅ Refresh xong.
[2026-07-15 22:36:06] → User token tìm thấy trong .env.local (length: 217)
[2026-07-15 22:36:06] → Gọi POST /api/fb/exchange-token (longLived=1)...
[2026-07-15 22:36:07] ✓ Exchange thành công:
  Page: Chim Cút (id=198980770851754)
  Page token: EAAOho…TAZD (length: 218)
  envUpdated: True
[2026-07-15 22:36:08] → Restart LaunchAgent server...
Sync:   mỗi 2 giờ tự động (lần đầu lúc 00:00/02:00/...)

Trạng thái chi tiết: ./scripts/agent-status.sh
[2026-07-15 22:36:19] → Verify server up...
[2026-07-15 22:36:19] ✓ Server up (HTTP 200)
[2026-07-15 22:36:19] ✅ Refresh xong.
[2026-07-15 23:26:19] → User token tìm thấy trong .env.local (length: 209)
[2026-07-15 23:26:19] → Gọi POST /api/fb/exchange-token (longLived=1)...
[2026-07-15 23:26:21] ✓ Exchange thành công:
  Page: Chim Cút (id=198980770851754)
  Page token: EAAOho…MQZD (length: 223)
  envUpdated: True
[2026-07-15 23:26:21] → Restart LaunchAgent server...
Sync:   mỗi 2 giờ tự động (lần đầu lúc 00:00/02:00/...)

Trạng thái chi tiết: ./scripts/agent-status.sh
[2026-07-15 23:26:32] → Verify server up...
[2026-07-15 23:26:33] ✓ Server up (HTTP 200)
[2026-07-15 23:26:33] ✅ Refresh xong.
[2026-07-16 00:16:33] → User token tìm thấy trong .env.local (length: 214)
[2026-07-16 00:16:33] → Gọi POST /api/fb/exchange-token (longLived=1)...
[2026-07-16 00:16:34] ✓ Exchange thành công:
  Page: Chim Cút (id=198980770851754)
  Page token: EAAOho…8MZD (length: 227)
  envUpdated: True
[2026-07-16 00:16:34] → Restart LaunchAgent server...
Sync:   mỗi 2 giờ tự động (lần đầu lúc 00:00/02:00/...)

Trạng thái chi tiết: ./scripts/agent-status.sh
[2026-07-16 00:16:46] → Verify server up...
[2026-07-16 00:16:46] ✓ Server up (HTTP 200)
[2026-07-16 00:16:46] ✅ Refresh xong.
[2026-07-16 01:06:46] → User token tìm thấy trong .env.local (length: 213)
[2026-07-16 01:06:46] → Gọi POST /api/fb/exchange-token (longLived=1)...
[2026-07-16 01:06:47] ✓ Exchange thành công:
  Page: Chim Cút (id=198980770851754)
  Page token: EAAOho…8YZD (length: 219)
  envUpdated: True
[2026-07-16 01:06:48] → Restart LaunchAgent server...
Sync:   mỗi 2 giờ tự động (lần đầu lúc 00:00/02:00/...)

Trạng thái chi tiết: ./scripts/agent-status.sh
[2026-07-16 01:06:59] → Verify server up...
[2026-07-16 01:06:59] ✓ Server up (HTTP 200)
[2026-07-16 01:06:59] ✅ Refresh xong.
[2026-07-16 01:57:00] → User token tìm thấy trong .env.local (length: 215)
[2026-07-16 01:57:00] → Gọi POST /api/fb/exchange-token (longLived=1)...
[2026-07-16 01:57:01] ✓ Exchange thành công:
  Page: Chim Cút (id=198980770851754)
  Page token: EAAOho…7sZD (length: 224)
  envUpdated: True
[2026-07-16 01:57:01] → Restart LaunchAgent server...
Sync:   mỗi 2 giờ tự động (lần đầu lúc 00:00/02:00/...)

Trạng thái chi tiết: ./scripts/agent-status.sh
[2026-07-16 01:57:13] → Verify server up...
[2026-07-16 01:57:13] ✓ Server up (HTTP 200)
[2026-07-16 01:57:13] ✅ Refresh xong.
[2026-07-16 02:47:13] → User token tìm thấy trong .env.local (length: 217)
[2026-07-16 02:47:13] → Gọi POST /api/fb/exchange-token (longLived=1)...
[2026-07-16 02:47:15] ✓ Exchange thành công:
  Page: Chim Cút (id=198980770851754)
  Page token: EAAOho…g8ZD (length: 221)
  envUpdated: True
[2026-07-16 02:47:15] → Restart LaunchAgent server...
Sync:   mỗi 2 giờ tự động (lần đầu lúc 00:00/02:00/...)

Trạng thái chi tiết: ./scripts/agent-status.sh
[2026-07-16 02:47:27] → Verify server up...
[2026-07-16 02:47:27] ✓ Server up (HTTP 200)
[2026-07-16 02:47:27] ✅ Refresh xong.
[2026-07-16 03:37:27] → User token tìm thấy trong .env.local (length: 217)
[2026-07-16 03:37:27] → Gọi POST /api/fb/exchange-token (longLived=1)...
[2026-07-16 03:37:29] ✓ Exchange thành công:
  Page: Chim Cút (id=198980770851754)
  Page token: EAAOho…CgZD (length: 224)
  envUpdated: True
[2026-07-16 03:37:29] → Restart LaunchAgent server...
Sync:   mỗi 2 giờ tự động (lần đầu lúc 00:00/02:00/...)

Trạng thái chi tiết: ./scripts/agent-status.sh
[2026-07-16 03:37:41] → Verify server up...
[2026-07-16 03:37:41] ✓ Server up (HTTP 200)
[2026-07-16 03:37:41] ✅ Refresh xong.
[2026-07-16 04:27:41] → User token tìm thấy trong .env.local (length: 211)
[2026-07-16 04:27:41] → Gọi POST /api/fb/exchange-token (longLived=1)...
[2026-07-16 04:27:42] ✓ Exchange thành công:
  Page: Chim Cút (id=198980770851754)
  Page token: EAAOho…aoZD (length: 219)
  envUpdated: True
[2026-07-16 04:27:42] → Restart LaunchAgent server...
Sync:   mỗi 2 giờ tự động (lần đầu lúc 00:00/02:00/...)

Trạng thái chi tiết: ./scripts/agent-status.sh
[2026-07-16 04:27:54] → Verify server up...
[2026-07-16 04:27:54] ✓ Server up (HTTP 200)
[2026-07-16 04:27:54] ✅ Refresh xong.
[2026-07-16 05:17:54] → User token tìm thấy trong .env.local (length: 214)
[2026-07-16 05:17:55] → Gọi POST /api/fb/exchange-token (longLived=1)...
[2026-07-16 05:17:56] ✓ Exchange thành công:
  Page: Chim Cút (id=198980770851754)
  Page token: EAAOho…VcZD (length: 228)
  envUpdated: True
[2026-07-16 05:17:56] → Restart LaunchAgent server...
Sync:   mỗi 2 giờ tự động (lần đầu lúc 00:00/02:00/...)

Trạng thái chi tiết: ./scripts/agent-status.sh
[2026-07-16 05:18:08] → Verify server up...
[2026-07-16 05:18:08] ✓ Server up (HTTP 200)
[2026-07-16 05:18:08] ✅ Refresh xong.
[2026-07-16 06:08:08] → User token tìm thấy trong .env.local (length: 216)
[2026-07-16 06:08:08] → Gọi POST /api/fb/exchange-token (longLived=1)...
[2026-07-16 06:08:09] ✓ Exchange thành công:
  Page: Chim Cút (id=198980770851754)
  Page token: EAAOho…PwZD (length: 226)
  envUpdated: True
[2026-07-16 06:08:09] → Restart LaunchAgent server...
Sync:   mỗi 2 giờ tự động (lần đầu lúc 00:00/02:00/...)

Trạng thái chi tiết: ./scripts/agent-status.sh
[2026-07-16 06:08:21] → Verify server up...
[2026-07-16 06:08:21] ✓ Server up (HTTP 200)
[2026-07-16 06:08:21] ✅ Refresh xong.
[2026-07-16 06:58:21] → User token tìm thấy trong .env.local (length: 217)
[2026-07-16 06:58:21] → Gọi POST /api/fb/exchange-token (longLived=1)...
[2026-07-16 06:58:22] ✓ Exchange thành công:
  Page: Chim Cút (id=198980770851754)
  Page token: EAAOho…bYZD (length: 228)
  envUpdated: True
[2026-07-16 06:58:22] → Restart LaunchAgent server...
Sync:   mỗi 2 giờ tự động (lần đầu lúc 00:00/02:00/...)

Trạng thái chi tiết: ./scripts/agent-status.sh
[2026-07-16 06:58:34] → Verify server up...
[2026-07-16 06:58:34] ✓ Server up (HTTP 200)
[2026-07-16 06:58:34] ✅ Refresh xong.
[2026-07-16 07:48:34] → User token tìm thấy trong .env.local (length: 210)
[2026-07-16 07:48:34] → Gọi POST /api/fb/exchange-token (longLived=1)...
[2026-07-16 07:48:36] ✓ Exchange thành công:
  Page: Chim Cút (id=198980770851754)
  Page token: EAAOho…CkZD (length: 221)
  envUpdated: True
[2026-07-16 07:48:36] → Restart LaunchAgent server...
Sync:   mỗi 2 giờ tự động (lần đầu lúc 00:00/02:00/...)

Trạng thái chi tiết: ./scripts/agent-status.sh
[2026-07-16 07:48:47] → Verify server up...
[2026-07-16 07:48:47] ✓ Server up (HTTP 200)
[2026-07-16 07:48:47] ✅ Refresh xong.
[2026-07-16 08:38:47] → User token tìm thấy trong .env.local (length: 212)
[2026-07-16 08:38:47] → Gọi POST /api/fb/exchange-token (longLived=1)...
[2026-07-16 08:38:49] ✓ Exchange thành công:
  Page: Chim Cút (id=198980770851754)
  Page token: EAAOho…ocZD (length: 227)
  envUpdated: True
[2026-07-16 08:38:49] → Restart LaunchAgent server...
Sync:   mỗi 2 giờ tự động (lần đầu lúc 00:00/02:00/...)

Trạng thái chi tiết: ./scripts/agent-status.sh
[2026-07-16 08:39:00] → Verify server up...
[2026-07-16 08:39:01] ✓ Server up (HTTP 200)
[2026-07-16 08:39:01] ✅ Refresh xong.
[2026-07-16 09:29:01] → User token tìm thấy trong .env.local (length: 216)
[2026-07-16 09:29:01] → Gọi POST /api/fb/exchange-token (longLived=1)...
[2026-07-16 09:29:02] ✓ Exchange thành công:
  Page: Chim Cút (id=198980770851754)
  Page token: EAAOho…mkZD (length: 220)
  envUpdated: True
[2026-07-16 09:29:02] → Restart LaunchAgent server...
Sync:   mỗi 2 giờ tự động (lần đầu lúc 00:00/02:00/...)

Trạng thái chi tiết: ./scripts/agent-status.sh
[2026-07-16 09:29:14] → Verify server up...
[2026-07-16 09:29:14] ✓ Server up (HTTP 200)
[2026-07-16 09:29:14] ✅ Refresh xong.
[2026-07-16 10:19:14] → User token tìm thấy trong .env.local (length: 212)
[2026-07-16 10:19:14] → Gọi POST /api/fb/exchange-token (longLived=1)...
[2026-07-16 10:19:15] ✓ Exchange thành công:
  Page: Chim Cút (id=198980770851754)
  Page token: EAAOho…MwZD (length: 216)
  envUpdated: True
[2026-07-16 10:19:15] → Restart LaunchAgent server...
Sync:   mỗi 2 giờ tự động (lần đầu lúc 00:00/02:00/...)

Trạng thái chi tiết: ./scripts/agent-status.sh
[2026-07-16 10:19:27] → Verify server up...
[2026-07-16 10:19:27] ✓ Server up (HTTP 200)
[2026-07-16 10:19:27] ✅ Refresh xong.
